This file contains any messages produced by compilers while
running configure, to aid debugging if configure makes a mistake.

It was created by pocketsphinx configure 5prealpha, which was
generated by GNU Autoconf 2.69.  Invocation command line was

  $ ./configure 

## --------- ##
## Platform. ##
## --------- ##

hostname = harbor
uname -m = x86_64
uname -r = 5.10.0-21-amd64
uname -s = Linux
uname -v = #1 SMP Debian 5.10.162-1 (2023-01-21)

/usr/bin/uname -p = unknown
/bin/uname -X     = unknown

/bin/arch              = x86_64
/usr/bin/arch -k       = unknown
/usr/convex/getsysinfo = unknown
/usr/bin/hostinfo      = unknown
/bin/machine           = unknown
/usr/bin/oslevel       = unknown
/bin/universe          = unknown

PATH: /usr/local/bin
PATH: /usr/bin
PATH: /bin
PATH: /usr/local/games
PATH: /usr/games


## ----------- ##
## Core tests. ##
## ----------- ##

configure:2565: checking for a BSD-compatible install
configure:2633: result: /usr/bin/install -c
configure:2644: checking whether build environment is sane
configure:2699: result: yes
configure:2845: checking for a thread-safe mkdir -p
configure:2884: result: /usr/bin/mkdir -p
configure:2891: checking for gawk
configure:2921: result: no
configure:2891: checking for mawk
configure:2907: found /usr/bin/mawk
configure:2918: result: mawk
configure:2929: checking whether make sets $(MAKE)
configure:2951: result: yes
configure:2980: checking whether make supports nested variables
configure:2997: result: yes
configure:3122: checking build system type
configure:3136: result: x86_64-unknown-linux-gnu
configure:3156: checking host system type
configure:3169: result: x86_64-unknown-linux-gnu
configure:3237: checking for gcc
configure:3253: found /usr/bin/gcc
configure:3264: result: gcc
configure:3493: checking for C compiler version
configure:3502: gcc --version >&5
gcc (Debian 10.2.1-6) 10.2.1 20210110
Copyright (C) 2020 Free Software Foundation, Inc.
This is free software; see the source for copying conditions.  There is NO
warranty; not even for MERCHANTABILITY or FITNESS FOR A PARTICULAR PURPOSE.

configure:3513: $? = 0
configure:3502: gcc -v >&5
Using built-in specs.
COLLECT_GCC=gcc
COLLECT_LTO_WRAPPER=/usr/lib/gcc/x86_64-linux-gnu/10/lto-wrapper
OFFLOAD_TARGET_NAMES=nvptx-none:amdgcn-amdhsa:hsa
OFFLOAD_TARGET_DEFAULT=1
Target: x86_64-linux-gnu
Configured with: ../src/configure -v --with-pkgversion='Debian 10.2.1-6' --with-bugurl=file:///usr/share/doc/gcc-10/README.Bugs --enable-languages=c,ada,c++,go,brig,d,fortran,objc,obj-c++,m2 --prefix=/usr --with-gcc-major-version-only --program-suffix=-10 --program-prefix=x86_64-linux-gnu- --enable-shared --enable-linker-build-id --libexecdir=/usr/lib --without-included-gettext --enable-threads=posix --libdir=/usr/lib --enable-nls --enable-bootstrap --enable-clocale=gnu --enable-libstdcxx-debug --enable-libstdcxx-time=yes --with-default-libstdcxx-abi=new --enable-gnu-unique-object --disable-vtable-verify --enable-plugin --enable-default-pie --with-system-zlib --enable-libphobos-checking=release --with-target-system-zlib=auto --enable-objc-gc=auto --enable-multiarch --disable-werror --with-arch-32=i686 --with-abi=m64 --with-multilib-list=m32,m64,mx32 --enable-multilib --with-tune=generic --enable-offload-targets=nvptx-none=/build/gcc-10-Km9U7s/gcc-10-10.2.1/debian/tmp-nvptx/usr,amdgcn-amdhsa=/build/gcc-10-Km9U7s/gcc-10-10.2.1/debian/tmp-gcn/usr,hsa --without-cuda-driver --enable-checking=release --build=x86_64-linux-gnu --host=x86_64-linux-gnu --target=x86_64-linux-gnu --with-build-config=bootstrap-lto-lean --enable-link-mutex
Thread model: posix
Supported LTO compression algorithms: zlib zstd
gcc version 10.2.1 20210110 (Debian 10.2.1-6) 
... rest of stderr output deleted ...
configure:3513: $? = 0
configure:3502: gcc -V >&5
gcc: error: unrecognized command-line option '-V'
gcc: fatal error: no input files
compilation terminated.
configure:3513: $? = 1
configure:3502: gcc -qversion >&5
gcc: error: unrecognized command-line option '-qversion'; did you mean '--version'?
gcc: fatal error: no input files
compilation terminated.
configure:3513: $? = 1
configure:3533: checking whether the C compiler works
configure:3555: gcc -g -O2 -Wall   conftest.c  >&5
configure:3559: $? = 0
configure:3607: result: yes
configure:3610: checking for C compiler default output file name
configure:3612: result: a.out
configure:3618: checking for suffix of executables
configure:3625: gcc -o conftest -g -O2 -Wall   conftest.c  >&5
configure:3629: $? = 0
configure:3651: result: 
configure:3673: checking whether we are cross compiling
configure:3681: gcc -o conftest -g -O2 -Wall   conftest.c  >&5
configure:3685: $? = 0
configure:3692: ./conftest
configure:3696: $? = 0
configure:3711: result: no
configure:3716: checking for suffix of object files
configure:3738: gcc -c -g -O2 -Wall  conftest.c >&5
configure:3742: $? = 0
configure:3763: result: o
configure:3767: checking whether we are using the GNU C compiler
configure:3786: gcc -c -g -O2 -Wall  conftest.c >&5
configure:3786: $? = 0
configure:3795: result: yes
configure:3804: checking whether gcc accepts -g
configure:3824: gcc -c -g  conftest.c >&5
configure:3824: $? = 0
configure:3865: result: yes
configure:3882: checking for gcc option to accept ISO C89
configure:3945: gcc  -c -g -O2 -Wall  conftest.c >&5
configure:3945: $? = 0
configure:3958: result: none needed
configure:3983: checking whether gcc understands -c and -o together
configure:4005: gcc -c conftest.c -o conftest2.o
configure:4008: $? = 0
configure:4005: gcc -c conftest.c -o conftest2.o
configure:4008: $? = 0
configure:4020: result: yes
configure:4040: checking whether make supports the include directive
configure:4055: make -f confmf.GNU && cat confinc.out
this is the am__doit target
configure:4058: $? = 0
configure:4077: result: yes (GNU style)
configure:4102: checking dependency style of gcc
configure:4213: result: gcc3
configure:4234: checking how to run the C preprocessor
configure:4265: gcc -E  conftest.c
configure:4265: $? = 0
configure:4279: gcc -E  conftest.c
conftest.c:9:10: fatal error: ac_nonexistent.h: No such file or directory
    9 | #include <ac_nonexistent.h>
      |          ^~~~~~~~~~~~~~~~~~
compilation terminated.
configure:4279: $? = 1
configure: failed program was:
| /* confdefs.h */
| #define PACKAGE_NAME "pocketsphinx"
| #define PACKAGE_TARNAME "pocketsphinx"
| #define PACKAGE_VERSION "5prealpha"
| #define PACKAGE_STRING "pocketsphinx 5prealpha"
| #define PACKAGE_BUGREPORT ""
| #define PACKAGE_URL ""
| /* end confdefs.h.  */
| #include <ac_nonexistent.h>
configure:4304: result: gcc -E
configure:4324: gcc -E  conftest.c
configure:4324: $? = 0
configure:4338: gcc -E  conftest.c
conftest.c:9:10: fatal error: ac_nonexistent.h: No such file or directory
    9 | #include <ac_nonexistent.h>
      |          ^~~~~~~~~~~~~~~~~~
compilation terminated.
configure:4338: $? = 1
configure: failed program was:
| /* confdefs.h */
| #define PACKAGE_NAME "pocketsphinx"
| #define PACKAGE_TARNAME "pocketsphinx"
| #define PACKAGE_VERSION "5prealpha"
| #define PACKAGE_STRING "pocketsphinx 5prealpha"
| #define PACKAGE_BUGREPORT ""
| #define PACKAGE_URL ""
| /* end confdefs.h.  */
| #include <ac_nonexistent.h>
configure:4367: checking for grep that handles long lines and -e
configure:4425: result: /usr/bin/grep
configure:4430: checking for egrep
configure:4492: result: /usr/bin/grep -E
configure:4497: checking for ANSI C header files
configure:4517: gcc -c -g -O2 -Wall  conftest.c >&5
configure:4517: $? = 0
configure:4590: gcc -o conftest -g -O2 -Wall   conftest.c  >&5
configure:4590: $? = 0
configure:4590: ./conftest
configure:4590: $? = 0
configure:4601: result: yes
configure:4614: checking for sys/types.h
configure:4614: gcc -c -g -O2 -Wall  conftest.c >&5
configure:4614: $? = 0
configure:4614: result: yes
configure:4614: checking for sys/stat.h
configure:4614: gcc -c -g -O2 -Wall  conftest.c >&5
configure:4614: $? = 0
configure:4614: result: yes
configure:4614: checking for stdlib.h
configure:4614: gcc -c -g -O2 -Wall  conftest.c >&5
configure:4614: $? = 0
configure:4614: result: yes
configure:4614: checking for string.h
configure:4614: gcc -c -g -O2 -Wall  conftest.c >&5
configure:4614: $? = 0
configure:4614: result: yes
configure:4614: checking for memory.h
configure:4614: gcc -c -g -O2 -Wall  conftest.c >&5
configure:4614: $? = 0
configure:4614: result: yes
configure:4614: checking for strings.h
configure:4614: gcc -c -g -O2 -Wall  conftest.c >&5
configure:4614: $? = 0
configure:4614: result: yes
configure:4614: checking for inttypes.h
configure:4614: gcc -c -g -O2 -Wall  conftest.c >&5
configure:4614: $? = 0
configure:4614: result: yes
configure:4614: checking for stdint.h
configure:4614: gcc -c -g -O2 -Wall  conftest.c >&5
configure:4614: $? = 0
configure:4614: result: yes
configure:4614: checking for unistd.h
configure:4614: gcc -c -g -O2 -Wall  conftest.c >&5
configure:4614: $? = 0
configure:4614: result: yes
configure:4626: checking for long long
configure:4626: gcc -c -g -O2 -Wall  conftest.c >&5
configure:4626: $? = 0
configure:4626: gcc -c -g -O2 -Wall  conftest.c >&5
conftest.c: In function 'main':
conftest.c:55:24: error: expected expression before ')' token
   55 | if (sizeof ((long long)))
      |                        ^
configure:4626: $? = 1
configure: failed program was:
| /* confdefs.h */
| #define PACKAGE_NAME "pocketsphinx"
| #define PACKAGE_TARNAME "pocketsphinx"
| #define PACKAGE_VERSION "5prealpha"
| #define PACKAGE_STRING "pocketsphinx 5prealpha"
| #define PACKAGE_BUGREPORT ""
| #define PACKAGE_URL ""
| #define STDC_HEADERS 1
| #define HAVE_SYS_TYPES_H 1
| #define HAVE_SYS_STAT_H 1
| #define HAVE_STDLIB_H 1
| #define HAVE_STRING_H 1
| #define HAVE_MEMORY_H 1
| #define HAVE_STRINGS_H 1
| #define HAVE_INTTYPES_H 1
| #define HAVE_STDINT_H 1
| #define HAVE_UNISTD_H 1
| /* end confdefs.h.  */
| #include <stdio.h>
| #ifdef HAVE_SYS_TYPES_H
| # include <sys/types.h>
| #endif
| #ifdef HAVE_SYS_STAT_H
| # include <sys/stat.h>
| #endif
| #ifdef STDC_HEADERS
| # include <stdlib.h>
| # include <stddef.h>
| #else
| # ifdef HAVE_STDLIB_H
| #  include <stdlib.h>
| # endif
| #endif
| #ifdef HAVE_STRING_H
| # if !defined STDC_HEADERS && defined HAVE_MEMORY_H
| #  include <memory.h>
| # endif
| # include <string.h>
| #endif
| #ifdef HAVE_STRINGS_H
| # include <strings.h>
| #endif
| #ifdef HAVE_INTTYPES_H
| # include <inttypes.h>
| #endif
| #ifdef HAVE_STDINT_H
| # include <stdint.h>
| #endif
| #ifdef HAVE_UNISTD_H
| # include <unistd.h>
| #endif
| int
| main ()
| {
| if (sizeof ((long long)))
| 	    return 0;
|   ;
|   return 0;
| }
configure:4626: result: yes
configure:4640: checking size of long long
configure:4645: gcc -o conftest -g -O2 -Wall   conftest.c  >&5
configure:4645: $? = 0
configure:4645: ./conftest
configure:4645: $? = 0
configure:4659: result: 8
configure:4716: checking how to print strings
configure:4743: result: printf
configure:4764: checking for a sed that does not truncate output
configure:4828: result: /usr/bin/sed
configure:4846: checking for fgrep
configure:4908: result: /usr/bin/grep -F
configure:4943: checking for ld used by gcc
configure:5010: result: /usr/bin/ld
configure:5017: checking if the linker (/usr/bin/ld) is GNU ld
configure:5032: result: yes
configure:5044: checking for BSD- or MS-compatible name lister (nm)
configure:5098: result: /usr/bin/nm -B
configure:5228: checking the name lister (/usr/bin/nm -B) interface
configure:5235: gcc -c -g -O2 -Wall  conftest.c >&5
configure:5238: /usr/bin/nm -B "conftest.o"
configure:5241: output
0000000000000000 B some_variable
configure:5248: result: BSD nm
configure:5251: checking whether ln -s works
configure:5255: result: yes
configure:5263: checking the maximum length of command line arguments
configure:5394: result: 1572864
configure:5442: checking how to convert x86_64-unknown-linux-gnu file names to x86_64-unknown-linux-gnu format
configure:5482: result: func_convert_file_noop
configure:5489: checking how to convert x86_64-unknown-linux-gnu file names to toolchain format
configure:5509: result: func_convert_file_noop
configure:5516: checking for /usr/bin/ld option to reload object files
configure:5523: result: -r
configure:5597: checking for objdump
configure:5613: found /usr/bin/objdump
configure:5624: result: objdump
configure:5656: checking how to recognize dependent libraries
configure:5856: result: pass_all
configure:5941: checking for dlltool
configure:5971: result: no
configure:6001: checking how to associate runtime and link libraries
configure:6028: result: printf %s\n
configure:6088: checking for ar
configure:6104: found /usr/bin/ar
configure:6115: result: ar
configure:6152: checking for archiver @FILE support
configure:6169: gcc -c -g -O2 -Wall  conftest.c >&5
configure:6169: $? = 0
configure:6172: ar cr libconftest.a @conftest.lst >&5
configure:6175: $? = 0
configure:6180: ar cr libconftest.a @conftest.lst >&5
ar: conftest.o: No such file or directory
configure:6183: $? = 1
configure:6195: result: @
configure:6253: checking for strip
configure:6269: found /usr/bin/strip
configure:6280: result: strip
configure:6352: checking for ranlib
configure:6368: found /usr/bin/ranlib
configure:6379: result: ranlib
configure:6481: checking command to parse /usr/bin/nm -B output from gcc object
configure:6634: gcc -c -g -O2 -Wall  conftest.c >&5
configure:6637: $? = 0
configure:6641: /usr/bin/nm -B conftest.o | sed -n -e 's/^.*[	 ]\([ABCDGIRSTW][ABCDGIRSTW]*\)[	 ][	 ]*\([_A-Za-z][_A-Za-z0-9]*\)$/\1 \2 \2/p' | sed '/ __gnu_lto/d' > conftest.nm
configure:6707: gcc -o conftest -g -O2 -Wall   conftest.c conftstm.o >&5
configure:6710: $? = 0
configure:6748: result: ok
configure:6795: checking for sysroot
configure:6825: result: no
configure:6832: checking for a working dd
configure:6870: result: /usr/bin/dd
configure:6874: checking how to truncate binary pipes
configure:6889: result: /usr/bin/dd bs=4096 count=1
configure:7025: gcc -c -g -O2 -Wall  conftest.c >&5
configure:7028: $? = 0
configure:7218: checking for mt
configure:7234: found /usr/bin/mt
configure:7245: result: mt
configure:7268: checking if mt is a manifest tool
configure:7274: mt '-?'
configure:7282: result: no
configure:7956: checking for dlfcn.h
configure:7956: gcc -c -g -O2 -Wall  conftest.c >&5
configure:7956: $? = 0
configure:7956: result: yes
configure:8212: checking for objdir
configure:8227: result: .libs
configure:8491: checking if gcc supports -fno-rtti -fno-exceptions
configure:8509: gcc -c -g -O2 -Wall  -fno-rtti -fno-exceptions conftest.c >&5
cc1: warning: command-line option '-fno-rtti' is valid for C++/D/ObjC++ but not for C
configure:8513: $? = 0
configure:8526: result: no
configure:8890: checking for gcc option to produce PIC
configure:8897: result: -fPIC -DPIC
configure:8905: checking if gcc PIC flag -fPIC -DPIC works
configure:8923: gcc -c -g -O2 -Wall  -fPIC -DPIC -DPIC conftest.c >&5
configure:8927: $? = 0
configure:8940: result: yes
configure:8969: checking if gcc static flag -static works
configure:8997: result: yes
configure:9012: checking if gcc supports -c -o file.o
configure:9033: gcc -c -g -O2 -Wall  -o out/conftest2.o conftest.c >&5
configure:9037: $? = 0
configure:9059: result: yes
configure:9067: checking if gcc supports -c -o file.o
configure:9114: result: yes
configure:9147: checking whether the gcc linker (/usr/bin/ld -m elf_x86_64) supports shared libraries
configure:10410: result: yes
configure:10447: checking whether -lc should be explicitly linked in
configure:10455: gcc -c -g -O2 -Wall  conftest.c >&5
configure:10458: $? = 0
configure:10473: gcc -shared  -fPIC -DPIC conftest.o  -v -Wl,-soname -Wl,conftest -o conftest 2\>\&1 \| /usr/bin/grep  -lc  \>/dev/null 2\>\&1
configure:10476: $? = 0
configure:10490: result: no
configure:10650: checking dynamic linker characteristics
configure:11231: gcc -o conftest -g -O2 -Wall   -Wl,-rpath -Wl,/foo conftest.c  >&5
configure:11231: $? = 0
configure:11480: result: GNU/Linux ld.so
configure:11602: checking how to hardcode library paths into programs
configure:11627: result: immediate
configure:12175: checking whether stripping libraries is possible
configure:12180: result: yes
configure:12215: checking if libtool supports shared libraries
configure:12217: result: yes
configure:12220: checking whether to build shared libraries
configure:12245: result: yes
configure:12248: checking whether to build static libraries
configure:12252: result: yes
configure:12292: checking for pkg-config
configure:12308: found /usr/bin/pkg-config
configure:12320: result: yes
configure:12331: checking for doxygen
configure:12359: result: no
configure:12419: checking for a Python interpreter with version >= 2.6
configure:12436: python -c import sys # split strings by '.' and convert to numeric. Append some zeros # because we need at least 4 digits for the hex conversion. # map returns an iterator in Python 3.0 and a list in 2.x minver = list(map(int, '2.6'.split('.'))) + [0, 0, 0] minverhex = 0 # xrange is not present in Python 3.0 and range returns an iterator for i in list(range(0, 4)): minverhex = (minverhex << 8) + minver[i] sys.exit(sys.hexversion < minverhex)
configure:12439: $? = 0
configure:12445: result: python
configure:12453: checking for python
configure:12471: found /usr/bin/python
configure:12483: result: /usr/bin/python
configure:12501: checking for python version
configure:12508: result: 2.7
configure:12520: checking for python platform
configure:12527: result: linux2
configure:12553: checking for python script directory
configure:12588: result: ${prefix}/lib/python2.7/dist-packages
configure:12597: checking for python extension module directory
configure:12632: result: ${exec_prefix}/lib/python2.7/dist-packages
configure:12653: checking for python2.7
configure:12683: result: /usr/bin/python
configure:12699: checking for a version of Python >= '2.1.0'
configure:12725: result: yes
configure:12756: checking for the distutils Python package
configure:12760: result: yes
configure:12774: checking for Python include path
configure:12790: result: -I/usr/include/python2.7
configure:12797: checking for Python library path
configure:12874: result: -L/usr/lib -lpython2.7
configure:12881: checking for Python site-packages path
configure:12887: result: /usr/lib/python2.7/dist-packages
configure:12894: checking python extra libraries
configure:12901: result: -lpthread -ldl  -lutil -lm
configure:12908: checking python extra linking flags
configure:12915: result: -Xlinker -export-dynamic -Wl,-O1 -Wl,-Bsymbolic-functions
configure:12922: checking consistency of all components of python development environment
configure:12948: gcc -o conftest -g -O2 -Wall  -I/usr/include/python2.7  conftest.c  -L/usr/lib -lpython2.7 -Xlinker -export-dynamic -Wl,-O1 -Wl,-Bsymbolic-functions -lpthread -ldl  -lutil -lm >&5
configure:12948: $? = 0
configure:12965: result: yes
configure:12996: checking for swig
configure:13014: found /usr/bin/swig
configure:13026: result: /usr/bin/swig
configure:13040: checking SWIG version
configure:13043: result: 4.0.2
configure:13092: checking for SWIG library
configure:13095: result: /usr/share/swig4.0
configure:13171: checking for pkg-config
configure:13189: found /usr/bin/pkg-config
configure:13201: result: /usr/bin/pkg-config
configure:13226: checking pkg-config is at least version 0.9.0
configure:13229: result: yes
configure:13240: checking for GStreamer
configure:13250: $PKG_CONFIG --exists --print-errors "gstreamer-$GST_MAJORMINOR >= 1.0
		       gstreamer-base-$GST_MAJORMINOR >= 1.0
		       gstreamer-plugins-base-$GST_MAJORMINOR >= 1.0"
Package gstreamer-1.0 was not found in the pkg-config search path.
Perhaps you should add the directory containing `gstreamer-1.0.pc'
to the PKG_CONFIG_PATH environment variable
No package 'gstreamer-1.0' found
Package gstreamer-base-1.0 was not found in the pkg-config search path.
Perhaps you should add the directory containing `gstreamer-base-1.0.pc'
to the PKG_CONFIG_PATH environment variable
No package 'gstreamer-base-1.0' found
Package gstreamer-plugins-base-1.0 was not found in the pkg-config search path.
Perhaps you should add the directory containing `gstreamer-plugins-base-1.0.pc'
to the PKG_CONFIG_PATH environment variable
No package 'gstreamer-plugins-base-1.0' found
configure:13255: $? = 1
configure:13274: $PKG_CONFIG --exists --print-errors "gstreamer-$GST_MAJORMINOR >= 1.0
		       gstreamer-base-$GST_MAJORMINOR >= 1.0
		       gstreamer-plugins-base-$GST_MAJORMINOR >= 1.0"
Package gstreamer-1.0 was not found in the pkg-config search path.
Perhaps you should add the directory containing `gstreamer-1.0.pc'
to the PKG_CONFIG_PATH environment variable
No package 'gstreamer-1.0' found
Package gstreamer-base-1.0 was not found in the pkg-config search path.
Perhaps you should add the directory containing `gstreamer-base-1.0.pc'
to the PKG_CONFIG_PATH environment variable
No package 'gstreamer-base-1.0' found
Package gstreamer-plugins-base-1.0 was not found in the pkg-config search path.
Perhaps you should add the directory containing `gstreamer-plugins-base-1.0.pc'
to the PKG_CONFIG_PATH environment variable
No package 'gstreamer-plugins-base-1.0' found
configure:13279: $? = 1
No package 'gstreamer-1.0' found
No package 'gstreamer-base-1.0' found
No package 'gstreamer-plugins-base-1.0' found
configure:13313: result: no
configure:13373: checking for sphinxbase in /home/harbor/software/pocketsphinx/../sphinxbase
configure:13377: result: yes
configure:13609: checking that generated files are newer than configure
configure:13615: result: done
configure:13650: creating ./config.status

## ---------------------- ##
## Running config.status. ##
## ---------------------- ##

This file was extended by pocketsphinx config.status 5prealpha, which was
generated by GNU Autoconf 2.69.  Invocation command line was

  CONFIG_FILES    = 
  CONFIG_HEADERS  = 
  CONFIG_LINKS    = 
  CONFIG_COMMANDS = 
  $ ./config.status 

on harbor

config.status:1137: creating pocketsphinx.pc
config.status:1137: creating Makefile
config.status:1137: creating include/Makefile
config.status:1137: creating src/Makefile
config.status:1137: creating swig/Makefile
config.status:1137: creating swig/python/Makefile
config.status:1137: creating swig/python/test/Makefile
config.status:1137: creating src/libpocketsphinx/Makefile
config.status:1137: creating src/programs/Makefile
config.status:1137: creating src/gst-plugin/Makefile
config.status:1137: creating doc/Makefile
config.status:1137: creating doc/doxyfile
config.status:1137: creating model/Makefile
config.status:1137: creating test/Makefile
config.status:1137: creating test/testfuncs.sh
config.status:1137: creating test/unit/Makefile
config.status:1137: creating test/regression/Makefile
config.status:1137: creating include/config.h
config.status:1366: executing depfiles commands
config.status:1443: cd swig/python       && sed -e '/# am--include-marker/d' Makefile         | make -f - am--depfiles
config.status:1448: $? = 0
config.status:1443: cd src/libpocketsphinx       && sed -e '/# am--include-marker/d' Makefile         | make -f - am--depfiles
config.status:1448: $? = 0
config.status:1443: cd src/programs       && sed -e '/# am--include-marker/d' Makefile         | make -f - am--depfiles
config.status:1448: $? = 0
config.status:1443: cd src/gst-plugin       && sed -e '/# am--include-marker/d' Makefile         | make -f - am--depfiles
config.status:1448: $? = 0
config.status:1443: cd test/unit       && sed -e '/# am--include-marker/d' Makefile         | make -f - am--depfiles
config.status:1448: $? = 0
config.status:1366: executing libtool commands

## ---------------- ##
## Cache variables. ##
## ---------------- ##

ac_cv_build=x86_64-unknown-linux-gnu
ac_cv_c_compiler_gnu=yes
ac_cv_env_CC_set=
ac_cv_env_CC_value=
ac_cv_env_CFLAGS_set=
ac_cv_env_CFLAGS_value=
ac_cv_env_CPPFLAGS_set=
ac_cv_env_CPPFLAGS_value=
ac_cv_env_CPP_set=
ac_cv_env_CPP_value=
ac_cv_env_GStreamer_CFLAGS_set=
ac_cv_env_GStreamer_CFLAGS_value=
ac_cv_env_GStreamer_LIBS_set=
ac_cv_env_GStreamer_LIBS_value=
ac_cv_env_LDFLAGS_set=
ac_cv_env_LDFLAGS_value=
ac_cv_env_LIBS_set=
ac_cv_env_LIBS_value=
ac_cv_env_LT_SYS_LIBRARY_PATH_set=
ac_cv_env_LT_SYS_LIBRARY_PATH_value=
ac_cv_env_PKG_CONFIG_set=
ac_cv_env_PKG_CONFIG_value=
ac_cv_env_PYTHON_VERSION_set=
ac_cv_env_PYTHON_VERSION_value=
ac_cv_env_PYTHON_set=
ac_cv_env_PYTHON_value=
ac_cv_env_SPHINXBASE_CFLAGS_set=
ac_cv_env_SPHINXBASE_CFLAGS_value=
ac_cv_env_SPHINXBASE_LIBS_set=
ac_cv_env_SPHINXBASE_LIBS_value=
ac_cv_env_build_alias_set=
ac_cv_env_build_alias_value=
ac_cv_env_host_alias_set=
ac_cv_env_host_alias_value=
ac_cv_env_target_alias_set=
ac_cv_env_target_alias_value=
ac_cv_header_dlfcn_h=yes
ac_cv_header_inttypes_h=yes
ac_cv_header_memory_h=yes
ac_cv_header_stdc=yes
ac_cv_header_stdint_h=yes
ac_cv_header_stdlib_h=yes
ac_cv_header_string_h=yes
ac_cv_header_strings_h=yes
ac_cv_header_sys_stat_h=yes
ac_cv_header_sys_types_h=yes
ac_cv_header_unistd_h=yes
ac_cv_host=x86_64-unknown-linux-gnu
ac_cv_objext=o
ac_cv_path_EGREP='/usr/bin/grep -E'
ac_cv_path_FGREP='/usr/bin/grep -F'
ac_cv_path_GREP=/usr/bin/grep
ac_cv_path_PYTHON=/usr/bin/python
ac_cv_path_SED=/usr/bin/sed
ac_cv_path_SWIG=/usr/bin/swig
ac_cv_path_ac_pt_PKG_CONFIG=/usr/bin/pkg-config
ac_cv_path_install='/usr/bin/install -c'
ac_cv_path_lt_DD=/usr/bin/dd
ac_cv_path_mkdir=/usr/bin/mkdir
ac_cv_prog_AWK=mawk
ac_cv_prog_CPP='gcc -E'
ac_cv_prog_HAVE_DOXYGEN=no
ac_cv_prog_HAVE_PKGCONFIG=yes
ac_cv_prog_ac_ct_AR=ar
ac_cv_prog_ac_ct_CC=gcc
ac_cv_prog_ac_ct_MANIFEST_TOOL=mt
ac_cv_prog_ac_ct_OBJDUMP=objdump
ac_cv_prog_ac_ct_RANLIB=ranlib
ac_cv_prog_ac_ct_STRIP=strip
ac_cv_prog_cc_c89=
ac_cv_prog_cc_g=yes
ac_cv_prog_make_make_set=yes
ac_cv_sizeof_long_long=8
ac_cv_type_long_long=yes
am_cv_CC_dependencies_compiler_type=gcc3
am_cv_make_support_nested_variables=yes
am_cv_pathless_PYTHON=python
am_cv_prog_cc_c_o=yes
am_cv_python_platform=linux2
am_cv_python_pyexecdir='${exec_prefix}/lib/python2.7/dist-packages'
am_cv_python_pythondir='${prefix}/lib/python2.7/dist-packages'
am_cv_python_version=2.7
lt_cv_ar_at_file=@
lt_cv_archive_cmds_need_lc=no
lt_cv_deplibs_check_method=pass_all
lt_cv_file_magic_cmd='$MAGIC_CMD'
lt_cv_file_magic_test_file=
lt_cv_ld_reload_flag=-r
lt_cv_nm_interface='BSD nm'
lt_cv_objdir=.libs
lt_cv_path_LD=/usr/bin/ld
lt_cv_path_NM='/usr/bin/nm -B'
lt_cv_path_mainfest_tool=no
lt_cv_prog_compiler_c_o=yes
lt_cv_prog_compiler_pic='-fPIC -DPIC'
lt_cv_prog_compiler_pic_works=yes
lt_cv_prog_compiler_rtti_exceptions=no
lt_cv_prog_compiler_static_works=yes
lt_cv_prog_gnu_ld=yes
lt_cv_sharedlib_from_linklib_cmd='printf %s\n'
lt_cv_shlibpath_overrides_runpath=yes
lt_cv_sys_global_symbol_pipe='sed -n -e '\''s/^.*[	 ]\([ABCDGIRSTW][ABCDGIRSTW]*\)[	 ][	 ]*\([_A-Za-z][_A-Za-z0-9]*\)$/\1 \2 \2/p'\'' | sed '\''/ __gnu_lto/d'\'''
lt_cv_sys_global_symbol_to_c_name_address='sed -n -e '\''s/^: \(.*\) .*$/  {"\1", (void *) 0},/p'\'' -e '\''s/^[ABCDGIRSTW][ABCDGIRSTW]* .* \(.*\)$/  {"\1", (void *) \&\1},/p'\'''
lt_cv_sys_global_symbol_to_c_name_address_lib_prefix='sed -n -e '\''s/^: \(.*\) .*$/  {"\1", (void *) 0},/p'\'' -e '\''s/^[ABCDGIRSTW][ABCDGIRSTW]* .* \(lib.*\)$/  {"\1", (void *) \&\1},/p'\'' -e '\''s/^[ABCDGIRSTW][ABCDGIRSTW]* .* \(.*\)$/  {"lib\1", (void *) \&\1},/p'\'''
lt_cv_sys_global_symbol_to_cdecl='sed -n -e '\''s/^T .* \(.*\)$/extern int \1();/p'\'' -e '\''s/^[ABCDGIRSTW][ABCDGIRSTW]* .* \(.*\)$/extern char \1;/p'\'''
lt_cv_sys_global_symbol_to_import=
lt_cv_sys_max_cmd_len=1572864
lt_cv_to_host_file_cmd=func_convert_file_noop
lt_cv_to_tool_file_cmd=func_convert_file_noop
lt_cv_truncate_bin='/usr/bin/dd bs=4096 count=1'

## ----------------- ##
## Output variables. ##
## ----------------- ##

ACLOCAL='${SHELL} '\''/home/harbor/software/pocketsphinx/missing'\'' aclocal-1.16'
AMDEPBACKSLASH='\'
AMDEP_FALSE='#'
AMDEP_TRUE=''
AMTAR='$${TAR-tar}'
AM_BACKSLASH='\'
AM_DEFAULT_V='$(AM_DEFAULT_VERBOSITY)'
AM_DEFAULT_VERBOSITY='1'
AM_V='$(V)'
AR='ar'
AUTOCONF='${SHELL} '\''/home/harbor/software/pocketsphinx/missing'\'' autoconf'
AUTOHEADER='${SHELL} '\''/home/harbor/software/pocketsphinx/missing'\'' autoheader'
AUTOMAKE='${SHELL} '\''/home/harbor/software/pocketsphinx/missing'\'' automake-1.16'
AWK='mawk'
BUILD_DOXYGEN_FALSE=''
BUILD_DOXYGEN_TRUE='#'
BUILD_GST_FALSE=''
BUILD_GST_TRUE='#'
BUILD_SWIG_FALSE='#'
BUILD_SWIG_TRUE=''
CC='gcc'
CCDEPMODE='depmode=gcc3'
CFLAGS='-g -O2 -Wall'
CPP='gcc -E'
CPPFLAGS=' -I/home/harbor/software/pocketsphinx/../sphinxbase/include -I/home/harbor/software/pocketsphinx/../sphinxbase/include/sphinxbase'
CYGPATH_W='echo'
DEFS='-DHAVE_CONFIG_H'
DEPDIR='.deps'
DLLTOOL='false'
DSYMUTIL=''
DUMPBIN=''
ECHO_C=''
ECHO_N='-n'
ECHO_T=''
EGREP='/usr/bin/grep -E'
EXEEXT=''
FGREP='/usr/bin/grep -F'
GREP='/usr/bin/grep'
GST_CFLAGS=' '
GST_LIBS=''
GST_MAJORMINOR='1.0'
GST_PLUGIN_LDFLAGS='-module -avoid-version -export-symbols-regex _*\(gst_\|Gst\|GST_\).*'
GStreamer_CFLAGS=''
GStreamer_LIBS=''
HAVE_DOXYGEN='no'
HAVE_PKGCONFIG='yes'
INSTALL_DATA='${INSTALL} -m 644'
INSTALL_PROGRAM='${INSTALL}'
INSTALL_SCRIPT='${INSTALL}'
INSTALL_STRIP_PROGRAM='$(install_sh) -c -s'
LD='/usr/bin/ld -m elf_x86_64'
LDFLAGS=' -L/home/harbor/software/pocketsphinx/../sphinxbase/lib -L/home/harbor/software/pocketsphinx/../sphinxbase/src/libsphinxad -L/home/harbor/software/pocketsphinx/../sphinxbase/src/libsphinxbase'
LIBOBJS=''
LIBS=' -lsphinxbase'
LIBTOOL='$(SHELL) $(top_builddir)/libtool'
LIPO=''
LN_S='ln -s'
LTLIBOBJS=''
LT_SYS_LIBRARY_PATH=''
MAKEINFO='${SHELL} '\''/home/harbor/software/pocketsphinx/missing'\'' makeinfo'
MANIFEST_TOOL=':'
MKDIR_P='/usr/bin/mkdir -p'
NM='/usr/bin/nm -B'
NMEDIT=''
OBJDUMP='objdump'
OBJEXT='o'
OTOOL64=''
OTOOL=''
PACKAGE='pocketsphinx'
PACKAGE_BUGREPORT=''
PACKAGE_NAME='pocketsphinx'
PACKAGE_STRING='pocketsphinx 5prealpha'
PACKAGE_TARNAME='pocketsphinx'
PACKAGE_URL=''
PACKAGE_VERSION='5prealpha'
PATH_SEPARATOR=':'
PKG_CONFIG='/usr/bin/pkg-config'
PYTHON='/usr/bin/python'
PYTHON_CPPFLAGS='-I/usr/include/python2.7'
PYTHON_EXEC_PREFIX='${exec_prefix}'
PYTHON_EXTRA_LDFLAGS='-Xlinker -export-dynamic -Wl,-O1 -Wl,-Bsymbolic-functions'
PYTHON_EXTRA_LIBS='-lpthread -ldl  -lutil -lm'
PYTHON_LDFLAGS='-L/usr/lib -lpython2.7'
PYTHON_PLATFORM='linux2'
PYTHON_PREFIX='${prefix}'
PYTHON_SITE_PKG='/usr/lib/python2.7/dist-packages'
PYTHON_VERSION='2.7'
RANLIB='ranlib'
SED='/usr/bin/sed'
SET_MAKE=''
SHELL='/bin/bash'
SPHINXBASE_CFLAGS=''
SPHINXBASE_LIBS=''
SPHINXBASE_SWIG='/home/harbor/software/pocketsphinx/../sphinxbase/swig'
STRIP='strip'
SWIG='/usr/bin/swig'
SWIG_LIB='/usr/share/swig4.0'
VERSION='5prealpha'
ac_ct_AR='ar'
ac_ct_CC='gcc'
ac_ct_DUMPBIN=''
am__EXEEXT_FALSE=''
am__EXEEXT_TRUE='#'
am__fastdepCC_FALSE='#'
am__fastdepCC_TRUE=''
am__include='include'
am__isrc=''
am__leading_dot='.'
am__nodep='_no'
am__quote=''
am__tar='$${TAR-tar} chof - "$$tardir"'
am__untar='$${TAR-tar} xf -'
bindir='${exec_prefix}/bin'
build='x86_64-unknown-linux-gnu'
build_alias=''
build_cpu='x86_64'
build_os='linux-gnu'
build_vendor='unknown'
datadir='${datarootdir}'
datarootdir='${prefix}/share'
docdir='${datarootdir}/doc/${PACKAGE_TARNAME}'
dvidir='${docdir}'
exec_prefix='${prefix}'
host='x86_64-unknown-linux-gnu'
host_alias=''
host_cpu='x86_64'
host_os='linux-gnu'
host_vendor='unknown'
htmldir='${docdir}'
includedir='${prefix}/include'
infodir='${datarootdir}/info'
install_sh='${SHELL} /home/harbor/software/pocketsphinx/install-sh'
libdir='${exec_prefix}/lib'
libexecdir='${exec_prefix}/libexec'
localedir='${datarootdir}/locale'
localstatedir='${prefix}/var'
mandir='${datarootdir}/man'
mkdir_p='$(MKDIR_P)'
oldincludedir='/usr/include'
pdfdir='${docdir}'
pkgpyexecdir='${pyexecdir}/pocketsphinx'
pkgpythondir='${pythondir}/pocketsphinx'
plugindir='$(libdir)/gstreamer-1.0'
prefix='/usr/local'
program_transform_name='s,x,x,'
psdir='${docdir}'
pyexecdir='${exec_prefix}/lib/python2.7/dist-packages'
pythondir='${prefix}/lib/python2.7/dist-packages'
runstatedir='${localstatedir}/run'
sbindir='${exec_prefix}/sbin'
sharedstatedir='${prefix}/com'
sysconfdir='${prefix}/etc'
target_alias=''

## ----------- ##
## confdefs.h. ##
## ----------- ##

/* confdefs.h */
#define PACKAGE_NAME "pocketsphinx"
#define PACKAGE_TARNAME "pocketsphinx"
#define PACKAGE_VERSION "5prealpha"
#define PACKAGE_STRING "pocketsphinx 5prealpha"
#define PACKAGE_BUGREPORT ""
#define PACKAGE_URL ""
#define STDC_HEADERS 1
#define HAVE_SYS_TYPES_H 1
#define HAVE_SYS_STAT_H 1
#define HAVE_STDLIB_H 1
#define HAVE_STRING_H 1
#define HAVE_MEMORY_H 1
#define HAVE_STRINGS_H 1
#define HAVE_INTTYPES_H 1
#define HAVE_STDINT_H 1
#define HAVE_UNISTD_H 1
#define HAVE_LONG_LONG 1
#define SIZEOF_LONG_LONG 8
#define HAVE_DLFCN_H 1
#define LT_OBJDIR ".libs/"
#define HAVE_PYTHON "2.7"

configure: exit 0
