This file contains any messages produced by compilers while
running configure, to aid debugging if configure makes a mistake.

It was created by sphinxbase configure 5prealpha, which was
generated by GNU Autoconf 2.69.  Invocation command line was

  $ ./configure 

## --------- ##
## Platform. ##
## --------- ##

hostname = harbor
uname -m = x86_64
uname -r = 5.10.0-21-amd64
uname -s = Linux
uname -v = #1 SMP Debian 5.10.162-1 (2023-01-21)

/usr/bin/uname -p = unknown
/bin/uname -X     = unknown

/bin/arch              = x86_64
/usr/bin/arch -k       = unknown
/usr/convex/getsysinfo = unknown
/usr/bin/hostinfo      = unknown
/bin/machine           = unknown
/usr/bin/oslevel       = unknown
/bin/universe          = unknown

PATH: /usr/local/bin
PATH: /usr/bin
PATH: /bin
PATH: /usr/local/games
PATH: /usr/games


## ----------- ##
## Core tests. ##
## ----------- ##

configure:2556: checking for a BSD-compatible install
configure:2624: result: /usr/bin/install -c
configure:2635: checking whether build environment is sane
configure:2690: result: yes
configure:2836: checking for a thread-safe mkdir -p
configure:2875: result: /usr/bin/mkdir -p
configure:2882: checking for gawk
configure:2912: result: no
configure:2882: checking for mawk
configure:2898: found /usr/bin/mawk
configure:2909: result: mawk
configure:2920: checking whether make sets $(MAKE)
configure:2942: result: yes
configure:2971: checking whether make supports nested variables
configure:2988: result: yes
configure:3113: checking build system type
configure:3127: result: x86_64-unknown-linux-gnu
configure:3147: checking host system type
configure:3160: result: x86_64-unknown-linux-gnu
configure:3184: checking whether make supports the include directive
configure:3199: make -f confmf.GNU && cat confinc.out
this is the am__doit target
configure:3202: $? = 0
configure:3221: result: yes (GNU style)
configure:3291: checking for gcc
configure:3307: found /usr/bin/gcc
configure:3318: result: gcc
configure:3547: checking for C compiler version
configure:3556: gcc --version >&5
gcc (Debian 10.2.1-6) 10.2.1 20210110
Copyright (C) 2020 Free Software Foundation, Inc.
This is free software; see the source for copying conditions.  There is NO
warranty; not even for MERCHANTABILITY or FITNESS FOR A PARTICULAR PURPOSE.

configure:3567: $? = 0
configure:3556: gcc -v >&5
Using built-in specs.
COLLECT_GCC=gcc
COLLECT_LTO_WRAPPER=/usr/lib/gcc/x86_64-linux-gnu/10/lto-wrapper
OFFLOAD_TARGET_NAMES=nvptx-none:amdgcn-amdhsa:hsa
OFFLOAD_TARGET_DEFAULT=1
Target: x86_64-linux-gnu
Configured with: ../src/configure -v --with-pkgversion='Debian 10.2.1-6' --with-bugurl=file:///usr/share/doc/gcc-10/README.Bugs --enable-languages=c,ada,c++,go,brig,d,fortran,objc,obj-c++,m2 --prefix=/usr --with-gcc-major-version-only --program-suffix=-10 --program-prefix=x86_64-linux-gnu- --enable-shared --enable-linker-build-id --libexecdir=/usr/lib --without-included-gettext --enable-threads=posix --libdir=/usr/lib --enable-nls --enable-bootstrap --enable-clocale=gnu --enable-libstdcxx-debug --enable-libstdcxx-time=yes --with-default-libstdcxx-abi=new --enable-gnu-unique-object --disable-vtable-verify --enable-plugin --enable-default-pie --with-system-zlib --enable-libphobos-checking=release --with-target-system-zlib=auto --enable-objc-gc=auto --enable-multiarch --disable-werror --with-arch-32=i686 --with-abi=m64 --with-multilib-list=m32,m64,mx32 --enable-multilib --with-tune=generic --enable-offload-targets=nvptx-none=/build/gcc-10-Km9U7s/gcc-10-10.2.1/debian/tmp-nvptx/usr,amdgcn-amdhsa=/build/gcc-10-Km9U7s/gcc-10-10.2.1/debian/tmp-gcn/usr,hsa --without-cuda-driver --enable-checking=release --build=x86_64-linux-gnu --host=x86_64-linux-gnu --target=x86_64-linux-gnu --with-build-config=bootstrap-lto-lean --enable-link-mutex
Thread model: posix
Supported LTO compression algorithms: zlib zstd
gcc version 10.2.1 20210110 (Debian 10.2.1-6) 
... rest of stderr output deleted ...
configure:3567: $? = 0
configure:3556: gcc -V >&5
gcc: error: unrecognized command-line option '-V'
gcc: fatal error: no input files
compilation terminated.
configure:3567: $? = 1
configure:3556: gcc -qversion >&5
gcc: error: unrecognized command-line option '-qversion'; did you mean '--version'?
gcc: fatal error: no input files
compilation terminated.
configure:3567: $? = 1
configure:3587: checking whether the C compiler works
configure:3609: gcc -g -O2 -Wall   conftest.c  >&5
configure:3613: $? = 0
configure:3661: result: yes
configure:3664: checking for C compiler default output file name
configure:3666: result: a.out
configure:3672: checking for suffix of executables
configure:3679: gcc -o conftest -g -O2 -Wall   conftest.c  >&5
configure:3683: $? = 0
configure:3705: result: 
configure:3727: checking whether we are cross compiling
configure:3735: gcc -o conftest -g -O2 -Wall   conftest.c  >&5
configure:3739: $? = 0
configure:3746: ./conftest
configure:3750: $? = 0
configure:3765: result: no
configure:3770: checking for suffix of object files
configure:3792: gcc -c -g -O2 -Wall  conftest.c >&5
configure:3796: $? = 0
configure:3817: result: o
configure:3821: checking whether we are using the GNU C compiler
configure:3840: gcc -c -g -O2 -Wall  conftest.c >&5
configure:3840: $? = 0
configure:3849: result: yes
configure:3858: checking whether gcc accepts -g
configure:3878: gcc -c -g  conftest.c >&5
configure:3878: $? = 0
configure:3919: result: yes
configure:3936: checking for gcc option to accept ISO C89
configure:3999: gcc  -c -g -O2 -Wall  conftest.c >&5
configure:3999: $? = 0
configure:4012: result: none needed
configure:4037: checking whether gcc understands -c and -o together
configure:4059: gcc -c conftest.c -o conftest2.o
configure:4062: $? = 0
configure:4059: gcc -c conftest.c -o conftest2.o
configure:4062: $? = 0
configure:4074: result: yes
configure:4093: checking dependency style of gcc
configure:4204: result: gcc3
configure:4220: checking for library containing strerror
configure:4251: gcc -o conftest -g -O2 -Wall   conftest.c  >&5
configure:4251: $? = 0
configure:4268: result: none required
configure:4324: checking for gcc
configure:4351: result: gcc
configure:4580: checking for C compiler version
configure:4589: gcc --version >&5
gcc (Debian 10.2.1-6) 10.2.1 20210110
Copyright (C) 2020 Free Software Foundation, Inc.
This is free software; see the source for copying conditions.  There is NO
warranty; not even for MERCHANTABILITY or FITNESS FOR A PARTICULAR PURPOSE.

configure:4600: $? = 0
configure:4589: gcc -v >&5
Using built-in specs.
COLLECT_GCC=gcc
COLLECT_LTO_WRAPPER=/usr/lib/gcc/x86_64-linux-gnu/10/lto-wrapper
OFFLOAD_TARGET_NAMES=nvptx-none:amdgcn-amdhsa:hsa
OFFLOAD_TARGET_DEFAULT=1
Target: x86_64-linux-gnu
Configured with: ../src/configure -v --with-pkgversion='Debian 10.2.1-6' --with-bugurl=file:///usr/share/doc/gcc-10/README.Bugs --enable-languages=c,ada,c++,go,brig,d,fortran,objc,obj-c++,m2 --prefix=/usr --with-gcc-major-version-only --program-suffix=-10 --program-prefix=x86_64-linux-gnu- --enable-shared --enable-linker-build-id --libexecdir=/usr/lib --without-included-gettext --enable-threads=posix --libdir=/usr/lib --enable-nls --enable-bootstrap --enable-clocale=gnu --enable-libstdcxx-debug --enable-libstdcxx-time=yes --with-default-libstdcxx-abi=new --enable-gnu-unique-object --disable-vtable-verify --enable-plugin --enable-default-pie --with-system-zlib --enable-libphobos-checking=release --with-target-system-zlib=auto --enable-objc-gc=auto --enable-multiarch --disable-werror --with-arch-32=i686 --with-abi=m64 --with-multilib-list=m32,m64,mx32 --enable-multilib --with-tune=generic --enable-offload-targets=nvptx-none=/build/gcc-10-Km9U7s/gcc-10-10.2.1/debian/tmp-nvptx/usr,amdgcn-amdhsa=/build/gcc-10-Km9U7s/gcc-10-10.2.1/debian/tmp-gcn/usr,hsa --without-cuda-driver --enable-checking=release --build=x86_64-linux-gnu --host=x86_64-linux-gnu --target=x86_64-linux-gnu --with-build-config=bootstrap-lto-lean --enable-link-mutex
Thread model: posix
Supported LTO compression algorithms: zlib zstd
gcc version 10.2.1 20210110 (Debian 10.2.1-6) 
... rest of stderr output deleted ...
configure:4600: $? = 0
configure:4589: gcc -V >&5
gcc: error: unrecognized command-line option '-V'
gcc: fatal error: no input files
compilation terminated.
configure:4600: $? = 1
configure:4589: gcc -qversion >&5
gcc: error: unrecognized command-line option '-qversion'; did you mean '--version'?
gcc: fatal error: no input files
compilation terminated.
configure:4600: $? = 1
configure:4604: checking whether we are using the GNU C compiler
configure:4632: result: yes
configure:4641: checking whether gcc accepts -g
configure:4702: result: yes
configure:4719: checking for gcc option to accept ISO C89
configure:4795: result: none needed
configure:4820: checking whether gcc understands -c and -o together
configure:4857: result: yes
configure:4876: checking dependency style of gcc
configure:4987: result: gcc3
configure:5006: checking for gcc option to accept ISO C99
configure:5155: gcc  -c -g -O2 -Wall  conftest.c >&5
conftest.c: In function 'test_varargs':
conftest.c:80:9: warning: variable 'fnumber' set but not used [-Wunused-but-set-variable]
   80 |   float fnumber;
      |         ^~~~~~~
conftest.c:79:7: warning: variable 'number' set but not used [-Wunused-but-set-variable]
   79 |   int number;
      |       ^~~~~~
conftest.c:78:15: warning: variable 'str' set but not used [-Wunused-but-set-variable]
   78 |   const char *str;
      |               ^~~
configure:5155: $? = 0
configure:5168: result: none needed
configure:5276: checking for gcc option to accept ISO Standard C
configure:5287: result: none needed
configure:5341: checking how to print strings
configure:5368: result: printf
configure:5389: checking for a sed that does not truncate output
configure:5453: result: /usr/bin/sed
configure:5471: checking for grep that handles long lines and -e
configure:5529: result: /usr/bin/grep
configure:5534: checking for egrep
configure:5596: result: /usr/bin/grep -E
configure:5601: checking for fgrep
configure:5663: result: /usr/bin/grep -F
configure:5698: checking for ld used by gcc
configure:5765: result: /usr/bin/ld
configure:5772: checking if the linker (/usr/bin/ld) is GNU ld
configure:5787: result: yes
configure:5799: checking for BSD- or MS-compatible name lister (nm)
configure:5853: result: /usr/bin/nm -B
configure:5983: checking the name lister (/usr/bin/nm -B) interface
configure:5990: gcc -c -g -O2 -Wall  conftest.c >&5
configure:5993: /usr/bin/nm -B "conftest.o"
configure:5996: output
0000000000000000 B some_variable
configure:6003: result: BSD nm
configure:6006: checking whether ln -s works
configure:6010: result: yes
configure:6018: checking the maximum length of command line arguments
configure:6149: result: 1572864
configure:6197: checking how to convert x86_64-unknown-linux-gnu file names to x86_64-unknown-linux-gnu format
configure:6237: result: func_convert_file_noop
configure:6244: checking how to convert x86_64-unknown-linux-gnu file names to toolchain format
configure:6264: result: func_convert_file_noop
configure:6271: checking for /usr/bin/ld option to reload object files
configure:6278: result: -r
configure:6352: checking for objdump
configure:6368: found /usr/bin/objdump
configure:6379: result: objdump
configure:6411: checking how to recognize dependent libraries
configure:6611: result: pass_all
configure:6696: checking for dlltool
configure:6726: result: no
configure:6756: checking how to associate runtime and link libraries
configure:6783: result: printf %s\n
configure:6843: checking for ar
configure:6859: found /usr/bin/ar
configure:6870: result: ar
configure:6907: checking for archiver @FILE support
configure:6924: gcc -c -g -O2 -Wall  conftest.c >&5
configure:6924: $? = 0
configure:6927: ar cr libconftest.a @conftest.lst >&5
configure:6930: $? = 0
configure:6935: ar cr libconftest.a @conftest.lst >&5
ar: conftest.o: No such file or directory
configure:6938: $? = 1
configure:6950: result: @
configure:7008: checking for strip
configure:7024: found /usr/bin/strip
configure:7035: result: strip
configure:7107: checking for ranlib
configure:7123: found /usr/bin/ranlib
configure:7134: result: ranlib
configure:7236: checking command to parse /usr/bin/nm -B output from gcc object
configure:7389: gcc -c -g -O2 -Wall  conftest.c >&5
configure:7392: $? = 0
configure:7396: /usr/bin/nm -B conftest.o | sed -n -e 's/^.*[	 ]\([ABCDGIRSTW][ABCDGIRSTW]*\)[	 ][	 ]*\([_A-Za-z][_A-Za-z0-9]*\)$/\1 \2 \2/p' | sed '/ __gnu_lto/d' > conftest.nm
configure:7462: gcc -o conftest -g -O2 -Wall   conftest.c conftstm.o >&5
configure:7465: $? = 0
configure:7503: result: ok
configure:7550: checking for sysroot
configure:7580: result: no
configure:7587: checking for a working dd
configure:7625: result: /usr/bin/dd
configure:7629: checking how to truncate binary pipes
configure:7644: result: /usr/bin/dd bs=4096 count=1
configure:7780: gcc -c -g -O2 -Wall  conftest.c >&5
configure:7783: $? = 0
configure:7973: checking for mt
configure:7989: found /usr/bin/mt
configure:8000: result: mt
configure:8023: checking if mt is a manifest tool
configure:8029: mt '-?'
configure:8037: result: no
configure:8714: checking how to run the C preprocessor
configure:8745: gcc -E  conftest.c
configure:8745: $? = 0
configure:8759: gcc -E  conftest.c
conftest.c:9:10: fatal error: ac_nonexistent.h: No such file or directory
    9 | #include <ac_nonexistent.h>
      |          ^~~~~~~~~~~~~~~~~~
compilation terminated.
configure:8759: $? = 1
configure: failed program was:
| /* confdefs.h */
| #define PACKAGE_NAME "sphinxbase"
| #define PACKAGE_TARNAME "sphinxbase"
| #define PACKAGE_VERSION "5prealpha"
| #define PACKAGE_STRING "sphinxbase 5prealpha"
| #define PACKAGE_BUGREPORT ""
| #define PACKAGE_URL ""
| /* end confdefs.h.  */
| #include <ac_nonexistent.h>
configure:8784: result: gcc -E
configure:8804: gcc -E  conftest.c
configure:8804: $? = 0
configure:8818: gcc -E  conftest.c
conftest.c:9:10: fatal error: ac_nonexistent.h: No such file or directory
    9 | #include <ac_nonexistent.h>
      |          ^~~~~~~~~~~~~~~~~~
compilation terminated.
configure:8818: $? = 1
configure: failed program was:
| /* confdefs.h */
| #define PACKAGE_NAME "sphinxbase"
| #define PACKAGE_TARNAME "sphinxbase"
| #define PACKAGE_VERSION "5prealpha"
| #define PACKAGE_STRING "sphinxbase 5prealpha"
| #define PACKAGE_BUGREPORT ""
| #define PACKAGE_URL ""
| /* end confdefs.h.  */
| #include <ac_nonexistent.h>
configure:8847: checking for ANSI C header files
configure:8867: gcc -c -g -O2 -Wall  conftest.c >&5
configure:8867: $? = 0
configure:8940: gcc -o conftest -g -O2 -Wall   conftest.c  >&5
configure:8940: $? = 0
configure:8940: ./conftest
configure:8940: $? = 0
configure:8951: result: yes
configure:8964: checking for sys/types.h
configure:8964: gcc -c -g -O2 -Wall  conftest.c >&5
configure:8964: $? = 0
configure:8964: result: yes
configure:8964: checking for sys/stat.h
configure:8964: gcc -c -g -O2 -Wall  conftest.c >&5
configure:8964: $? = 0
configure:8964: result: yes
configure:8964: checking for stdlib.h
configure:8964: gcc -c -g -O2 -Wall  conftest.c >&5
configure:8964: $? = 0
configure:8964: result: yes
configure:8964: checking for string.h
configure:8964: gcc -c -g -O2 -Wall  conftest.c >&5
configure:8964: $? = 0
configure:8964: result: yes
configure:8964: checking for memory.h
configure:8964: gcc -c -g -O2 -Wall  conftest.c >&5
configure:8964: $? = 0
configure:8964: result: yes
configure:8964: checking for strings.h
configure:8964: gcc -c -g -O2 -Wall  conftest.c >&5
configure:8964: $? = 0
configure:8964: result: yes
configure:8964: checking for inttypes.h
configure:8964: gcc -c -g -O2 -Wall  conftest.c >&5
configure:8964: $? = 0
configure:8964: result: yes
configure:8964: checking for stdint.h
configure:8964: gcc -c -g -O2 -Wall  conftest.c >&5
configure:8964: $? = 0
configure:8964: result: yes
configure:8964: checking for unistd.h
configure:8964: gcc -c -g -O2 -Wall  conftest.c >&5
configure:8964: $? = 0
configure:8964: result: yes
configure:8978: checking for dlfcn.h
configure:8978: gcc -c -g -O2 -Wall  conftest.c >&5
configure:8978: $? = 0
configure:8978: result: yes
configure:9234: checking for objdir
configure:9249: result: .libs
configure:9513: checking if gcc supports -fno-rtti -fno-exceptions
configure:9531: gcc -c -g -O2 -Wall  -fno-rtti -fno-exceptions conftest.c >&5
cc1: warning: command-line option '-fno-rtti' is valid for C++/D/ObjC++ but not for C
configure:9535: $? = 0
configure:9548: result: no
configure:9912: checking for gcc option to produce PIC
configure:9919: result: -fPIC -DPIC
configure:9927: checking if gcc PIC flag -fPIC -DPIC works
configure:9945: gcc -c -g -O2 -Wall  -fPIC -DPIC -DPIC conftest.c >&5
configure:9949: $? = 0
configure:9962: result: yes
configure:9991: checking if gcc static flag -static works
configure:10019: result: yes
configure:10034: checking if gcc supports -c -o file.o
configure:10055: gcc -c -g -O2 -Wall  -o out/conftest2.o conftest.c >&5
configure:10059: $? = 0
configure:10081: result: yes
configure:10089: checking if gcc supports -c -o file.o
configure:10136: result: yes
configure:10169: checking whether the gcc linker (/usr/bin/ld -m elf_x86_64) supports shared libraries
configure:11432: result: yes
configure:11469: checking whether -lc should be explicitly linked in
configure:11477: gcc -c -g -O2 -Wall  conftest.c >&5
configure:11480: $? = 0
configure:11495: gcc -shared  -fPIC -DPIC conftest.o  -v -Wl,-soname -Wl,conftest -o conftest 2\>\&1 \| /usr/bin/grep  -lc  \>/dev/null 2\>\&1
configure:11498: $? = 0
configure:11512: result: no
configure:11672: checking dynamic linker characteristics
configure:12253: gcc -o conftest -g -O2 -Wall   -Wl,-rpath -Wl,/foo conftest.c  >&5
configure:12253: $? = 0
configure:12502: result: GNU/Linux ld.so
configure:12624: checking how to hardcode library paths into programs
configure:12649: result: immediate
configure:13197: checking whether stripping libraries is possible
configure:13202: result: yes
configure:13237: checking if libtool supports shared libraries
configure:13239: result: yes
configure:13242: checking whether to build shared libraries
configure:13267: result: yes
configure:13270: checking whether to build static libraries
configure:13274: result: yes
configure:13316: checking for bison
configure:13332: found /usr/bin/bison
configure:13344: result: bison -y
configure:13358: checking for ANSI C header files
configure:13462: result: yes
configure:13470: checking whether byte ordering is bigendian
configure:13485: gcc -c -g -O2 -Wall  conftest.c >&5
conftest.c:23:9: error: unknown type name 'not'
   23 |         not a universal capable compiler
      |         ^~~
conftest.c:23:15: error: expected '=', ',', ';', 'asm' or '__attribute__' before 'universal'
   23 |         not a universal capable compiler
      |               ^~~~~~~~~
conftest.c:23:15: error: unknown type name 'universal'
configure:13485: $? = 1
configure: failed program was:
| /* confdefs.h */
| #define PACKAGE_NAME "sphinxbase"
| #define PACKAGE_TARNAME "sphinxbase"
| #define PACKAGE_VERSION "5prealpha"
| #define PACKAGE_STRING "sphinxbase 5prealpha"
| #define PACKAGE_BUGREPORT ""
| #define PACKAGE_URL ""
| #define STDC_HEADERS 1
| #define HAVE_SYS_TYPES_H 1
| #define HAVE_SYS_STAT_H 1
| #define HAVE_STDLIB_H 1
| #define HAVE_STRING_H 1
| #define HAVE_MEMORY_H 1
| #define HAVE_STRINGS_H 1
| #define HAVE_INTTYPES_H 1
| #define HAVE_STDINT_H 1
| #define HAVE_UNISTD_H 1
| #define HAVE_DLFCN_H 1
| #define LT_OBJDIR ".libs/"
| #define STDC_HEADERS 1
| /* end confdefs.h.  */
| #ifndef __APPLE_CC__
| 	       not a universal capable compiler
| 	     #endif
| 	     typedef int dummy;
| 
configure:13530: gcc -c -g -O2 -Wall  conftest.c >&5
configure:13530: $? = 0
configure:13548: gcc -c -g -O2 -Wall  conftest.c >&5
conftest.c: In function 'main':
conftest.c:29:4: error: unknown type name 'not'; did you mean 'ino_t'?
   29 |    not big endian
      |    ^~~
      |    ino_t
conftest.c:29:12: error: expected '=', ',', ';', 'asm' or '__attribute__' before 'endian'
   29 |    not big endian
      |            ^~~~~~
configure:13548: $? = 1
configure: failed program was:
| /* confdefs.h */
| #define PACKAGE_NAME "sphinxbase"
| #define PACKAGE_TARNAME "sphinxbase"
| #define PACKAGE_VERSION "5prealpha"
| #define PACKAGE_STRING "sphinxbase 5prealpha"
| #define PACKAGE_BUGREPORT ""
| #define PACKAGE_URL ""
| #define STDC_HEADERS 1
| #define HAVE_SYS_TYPES_H 1
| #define HAVE_SYS_STAT_H 1
| #define HAVE_STDLIB_H 1
| #define HAVE_STRING_H 1
| #define HAVE_MEMORY_H 1
| #define HAVE_STRINGS_H 1
| #define HAVE_INTTYPES_H 1
| #define HAVE_STDINT_H 1
| #define HAVE_UNISTD_H 1
| #define HAVE_DLFCN_H 1
| #define LT_OBJDIR ".libs/"
| #define STDC_HEADERS 1
| /* end confdefs.h.  */
| #include <sys/types.h>
| 		#include <sys/param.h>
| 
| int
| main ()
| {
| #if BYTE_ORDER != BIG_ENDIAN
| 		 not big endian
| 		#endif
| 
|   ;
|   return 0;
| }
configure:13676: result: no
configure:13694: checking return type of signal handlers
configure:13712: gcc -c -g -O2 -Wall  conftest.c >&5
conftest.c: In function 'main':
conftest.c:28:10: error: void value not ignored as it ought to be
   28 | return *(signal (0, 0)) (0) == 1;
      |         ~^~~~~~~~~~~~~~~~~~
configure:13712: $? = 1
configure: failed program was:
| /* confdefs.h */
| #define PACKAGE_NAME "sphinxbase"
| #define PACKAGE_TARNAME "sphinxbase"
| #define PACKAGE_VERSION "5prealpha"
| #define PACKAGE_STRING "sphinxbase 5prealpha"
| #define PACKAGE_BUGREPORT ""
| #define PACKAGE_URL ""
| #define STDC_HEADERS 1
| #define HAVE_SYS_TYPES_H 1
| #define HAVE_SYS_STAT_H 1
| #define HAVE_STDLIB_H 1
| #define HAVE_STRING_H 1
| #define HAVE_MEMORY_H 1
| #define HAVE_STRINGS_H 1
| #define HAVE_INTTYPES_H 1
| #define HAVE_STDINT_H 1
| #define HAVE_UNISTD_H 1
| #define HAVE_DLFCN_H 1
| #define LT_OBJDIR ".libs/"
| #define STDC_HEADERS 1
| /* end confdefs.h.  */
| #include <sys/types.h>
| #include <signal.h>
| 
| int
| main ()
| {
| return *(signal (0, 0)) (0) == 1;
|   ;
|   return 0;
| }
configure:13719: result: void
configure:13727: checking for long long
configure:13727: gcc -c -g -O2 -Wall  conftest.c >&5
configure:13727: $? = 0
configure:13727: gcc -c -g -O2 -Wall  conftest.c >&5
conftest.c: In function 'main':
conftest.c:59:24: error: expected expression before ')' token
   59 | if (sizeof ((long long)))
      |                        ^
configure:13727: $? = 1
configure: failed program was:
| /* confdefs.h */
| #define PACKAGE_NAME "sphinxbase"
| #define PACKAGE_TARNAME "sphinxbase"
| #define PACKAGE_VERSION "5prealpha"
| #define PACKAGE_STRING "sphinxbase 5prealpha"
| #define PACKAGE_BUGREPORT ""
| #define PACKAGE_URL ""
| #define STDC_HEADERS 1
| #define HAVE_SYS_TYPES_H 1
| #define HAVE_SYS_STAT_H 1
| #define HAVE_STDLIB_H 1
| #define HAVE_STRING_H 1
| #define HAVE_MEMORY_H 1
| #define HAVE_STRINGS_H 1
| #define HAVE_INTTYPES_H 1
| #define HAVE_STDINT_H 1
| #define HAVE_UNISTD_H 1
| #define HAVE_DLFCN_H 1
| #define LT_OBJDIR ".libs/"
| #define STDC_HEADERS 1
| #define RETSIGTYPE void
| /* end confdefs.h.  */
| #include <stdio.h>
| #ifdef HAVE_SYS_TYPES_H
| # include <sys/types.h>
| #endif
| #ifdef HAVE_SYS_STAT_H
| # include <sys/stat.h>
| #endif
| #ifdef STDC_HEADERS
| # include <stdlib.h>
| # include <stddef.h>
| #else
| # ifdef HAVE_STDLIB_H
| #  include <stdlib.h>
| # endif
| #endif
| #ifdef HAVE_STRING_H
| # if !defined STDC_HEADERS && defined HAVE_MEMORY_H
| #  include <memory.h>
| # endif
| # include <string.h>
| #endif
| #ifdef HAVE_STRINGS_H
| # include <strings.h>
| #endif
| #ifdef HAVE_INTTYPES_H
| # include <inttypes.h>
| #endif
| #ifdef HAVE_STDINT_H
| # include <stdint.h>
| #endif
| #ifdef HAVE_UNISTD_H
| # include <unistd.h>
| #endif
| int
| main ()
| {
| if (sizeof ((long long)))
| 	    return 0;
|   ;
|   return 0;
| }
configure:13727: result: yes
configure:13741: checking size of long long
configure:13746: gcc -o conftest -g -O2 -Wall   conftest.c  >&5
configure:13746: $? = 0
configure:13746: ./conftest
configure:13746: $? = 0
configure:13760: result: 8
configure:13774: checking size of long
configure:13779: gcc -o conftest -g -O2 -Wall   conftest.c  >&5
configure:13779: $? = 0
configure:13779: ./conftest
configure:13779: $? = 0
configure:13793: result: 8
configure:13806: checking for popen
configure:13806: gcc -o conftest -g -O2 -Wall   conftest.c  >&5
configure:13806: $? = 0
configure:13806: result: yes
configure:13806: checking for perror
configure:13806: gcc -o conftest -g -O2 -Wall   conftest.c  >&5
configure:13806: $? = 0
configure:13806: result: yes
configure:13806: checking for snprintf
configure:13806: gcc -o conftest -g -O2 -Wall   conftest.c  >&5
conftest.c:51:6: warning: conflicting types for built-in function 'snprintf'; expected 'int(char *, long unsigned int,  const char *, ...)' [-Wbuiltin-declaration-mismatch]
   51 | char snprintf ();
      |      ^~~~~~~~
conftest.c:39:1: note: 'snprintf' is declared in header '<stdio.h>'
   38 | # include <limits.h>
   39 | #else
configure:13806: $? = 0
configure:13806: result: yes
configure:13815: checking errno.h usability
configure:13815: gcc -c -g -O2 -Wall  conftest.c >&5
configure:13815: $? = 0
configure:13815: result: yes
configure:13815: checking errno.h presence
configure:13815: gcc -E  conftest.c
configure:13815: $? = 0
configure:13815: result: yes
configure:13815: checking for errno.h
configure:13815: result: yes
configure:13835: checking for sgesv_ in -llapack
configure:13860: gcc -o conftest -g -O2 -Wall   conftest.c -llapack   >&5
/usr/bin/ld: cannot find -llapack
collect2: error: ld returned 1 exit status
configure:13860: $? = 1
configure: failed program was:
| /* confdefs.h */
| #define PACKAGE_NAME "sphinxbase"
| #define PACKAGE_TARNAME "sphinxbase"
| #define PACKAGE_VERSION "5prealpha"
| #define PACKAGE_STRING "sphinxbase 5prealpha"
| #define PACKAGE_BUGREPORT ""
| #define PACKAGE_URL ""
| #define STDC_HEADERS 1
| #define HAVE_SYS_TYPES_H 1
| #define HAVE_SYS_STAT_H 1
| #define HAVE_STDLIB_H 1
| #define HAVE_STRING_H 1
| #define HAVE_MEMORY_H 1
| #define HAVE_STRINGS_H 1
| #define HAVE_INTTYPES_H 1
| #define HAVE_STDINT_H 1
| #define HAVE_UNISTD_H 1
| #define HAVE_DLFCN_H 1
| #define LT_OBJDIR ".libs/"
| #define STDC_HEADERS 1
| #define RETSIGTYPE void
| #define HAVE_LONG_LONG 1
| #define SIZEOF_LONG_LONG 8
| #define SIZEOF_LONG 8
| #define HAVE_POPEN 1
| #define HAVE_PERROR 1
| #define HAVE_SNPRINTF 1
| /* end confdefs.h.  */
| 
| /* Override any GCC internal prototype to avoid an error.
|    Use char because int might match the return type of a GCC
|    builtin and then its argument prototype would still apply.  */
| #ifdef __cplusplus
| extern "C"
| #endif
| char sgesv_ ();
| int
| main ()
| {
| return sgesv_ ();
|   ;
|   return 0;
| }
configure:13869: result: no
configure:13952: checking for log in -lm
configure:13977: gcc -o conftest -g -O2 -Wall   conftest.c -lm   >&5
conftest.c:37:6: warning: conflicting types for built-in function 'log'; expected 'double(double)' [-Wbuiltin-declaration-mismatch]
   37 | char log ();
      |      ^~~
conftest.c:1:1: note: 'log' is declared in header '<math.h>'
    1 | /* confdefs.h */
configure:13977: $? = 0
configure:13986: result: yes
configure:14017: checking pthread.h usability
configure:14017: gcc -c -g -O2 -Wall  conftest.c >&5
configure:14017: $? = 0
configure:14017: result: yes
configure:14017: checking pthread.h presence
configure:14017: gcc -E  conftest.c
configure:14017: $? = 0
configure:14017: result: yes
configure:14017: checking for pthread.h
configure:14017: result: yes
configure:14027: checking for pthread_create in -lpthread
configure:14052: gcc -o conftest -g -O2 -Wall   conftest.c -lpthread  -lm  >&5
configure:14052: $? = 0
configure:14061: result: yes
configure:14134: checking pulse/pulseaudio.h usability
configure:14134: gcc -c -g -O2 -Wall  conftest.c >&5
conftest.c:67:10: fatal error: pulse/pulseaudio.h: No such file or directory
   67 | #include <pulse/pulseaudio.h>
      |          ^~~~~~~~~~~~~~~~~~~~
compilation terminated.
configure:14134: $? = 1
configure: failed program was:
| /* confdefs.h */
| #define PACKAGE_NAME "sphinxbase"
| #define PACKAGE_TARNAME "sphinxbase"
| #define PACKAGE_VERSION "5prealpha"
| #define PACKAGE_STRING "sphinxbase 5prealpha"
| #define PACKAGE_BUGREPORT ""
| #define PACKAGE_URL ""
| #define STDC_HEADERS 1
| #define HAVE_SYS_TYPES_H 1
| #define HAVE_SYS_STAT_H 1
| #define HAVE_STDLIB_H 1
| #define HAVE_STRING_H 1
| #define HAVE_MEMORY_H 1
| #define HAVE_STRINGS_H 1
| #define HAVE_INTTYPES_H 1
| #define HAVE_STDINT_H 1
| #define HAVE_UNISTD_H 1
| #define HAVE_DLFCN_H 1
| #define LT_OBJDIR ".libs/"
| #define STDC_HEADERS 1
| #define RETSIGTYPE void
| #define HAVE_LONG_LONG 1
| #define SIZEOF_LONG_LONG 8
| #define SIZEOF_LONG 8
| #define HAVE_POPEN 1
| #define HAVE_PERROR 1
| #define HAVE_SNPRINTF 1
| #define WITH_LAPACK /**/
| #define HAVE_LIBM 1
| #define HAVE_PTHREAD_H 1
| #define HAVE_LIBPTHREAD 1
| #define ENABLE_THREADS /**/
| /* end confdefs.h.  */
| #include <stdio.h>
| #ifdef HAVE_SYS_TYPES_H
| # include <sys/types.h>
| #endif
| #ifdef HAVE_SYS_STAT_H
| # include <sys/stat.h>
| #endif
| #ifdef STDC_HEADERS
| # include <stdlib.h>
| # include <stddef.h>
| #else
| # ifdef HAVE_STDLIB_H
| #  include <stdlib.h>
| # endif
| #endif
| #ifdef HAVE_STRING_H
| # if !defined STDC_HEADERS && defined HAVE_MEMORY_H
| #  include <memory.h>
| # endif
| # include <string.h>
| #endif
| #ifdef HAVE_STRINGS_H
| # include <strings.h>
| #endif
| #ifdef HAVE_INTTYPES_H
| # include <inttypes.h>
| #endif
| #ifdef HAVE_STDINT_H
| # include <stdint.h>
| #endif
| #ifdef HAVE_UNISTD_H
| # include <unistd.h>
| #endif
| #include <pulse/pulseaudio.h>
configure:14134: result: no
configure:14134: checking pulse/pulseaudio.h presence
configure:14134: gcc -E  conftest.c
conftest.c:34:10: fatal error: pulse/pulseaudio.h: No such file or directory
   34 | #include <pulse/pulseaudio.h>
      |          ^~~~~~~~~~~~~~~~~~~~
compilation terminated.
configure:14134: $? = 1
configure: failed program was:
| /* confdefs.h */
| #define PACKAGE_NAME "sphinxbase"
| #define PACKAGE_TARNAME "sphinxbase"
| #define PACKAGE_VERSION "5prealpha"
| #define PACKAGE_STRING "sphinxbase 5prealpha"
| #define PACKAGE_BUGREPORT ""
| #define PACKAGE_URL ""
| #define STDC_HEADERS 1
| #define HAVE_SYS_TYPES_H 1
| #define HAVE_SYS_STAT_H 1
| #define HAVE_STDLIB_H 1
| #define HAVE_STRING_H 1
| #define HAVE_MEMORY_H 1
| #define HAVE_STRINGS_H 1
| #define HAVE_INTTYPES_H 1
| #define HAVE_STDINT_H 1
| #define HAVE_UNISTD_H 1
| #define HAVE_DLFCN_H 1
| #define LT_OBJDIR ".libs/"
| #define STDC_HEADERS 1
| #define RETSIGTYPE void
| #define HAVE_LONG_LONG 1
| #define SIZEOF_LONG_LONG 8
| #define SIZEOF_LONG 8
| #define HAVE_POPEN 1
| #define HAVE_PERROR 1
| #define HAVE_SNPRINTF 1
| #define WITH_LAPACK /**/
| #define HAVE_LIBM 1
| #define HAVE_PTHREAD_H 1
| #define HAVE_LIBPTHREAD 1
| #define ENABLE_THREADS /**/
| /* end confdefs.h.  */
| #include <pulse/pulseaudio.h>
configure:14134: result: no
configure:14134: checking for pulse/pulseaudio.h
configure:14134: result: no
configure:14231: checking alsa/asoundlib.h usability
configure:14231: gcc -c -g -O2 -Wall  conftest.c >&5
conftest.c:67:10: fatal error: alsa/asoundlib.h: No such file or directory
   67 | #include <alsa/asoundlib.h>
      |          ^~~~~~~~~~~~~~~~~~
compilation terminated.
configure:14231: $? = 1
configure: failed program was:
| /* confdefs.h */
| #define PACKAGE_NAME "sphinxbase"
| #define PACKAGE_TARNAME "sphinxbase"
| #define PACKAGE_VERSION "5prealpha"
| #define PACKAGE_STRING "sphinxbase 5prealpha"
| #define PACKAGE_BUGREPORT ""
| #define PACKAGE_URL ""
| #define STDC_HEADERS 1
| #define HAVE_SYS_TYPES_H 1
| #define HAVE_SYS_STAT_H 1
| #define HAVE_STDLIB_H 1
| #define HAVE_STRING_H 1
| #define HAVE_MEMORY_H 1
| #define HAVE_STRINGS_H 1
| #define HAVE_INTTYPES_H 1
| #define HAVE_STDINT_H 1
| #define HAVE_UNISTD_H 1
| #define HAVE_DLFCN_H 1
| #define LT_OBJDIR ".libs/"
| #define STDC_HEADERS 1
| #define RETSIGTYPE void
| #define HAVE_LONG_LONG 1
| #define SIZEOF_LONG_LONG 8
| #define SIZEOF_LONG 8
| #define HAVE_POPEN 1
| #define HAVE_PERROR 1
| #define HAVE_SNPRINTF 1
| #define WITH_LAPACK /**/
| #define HAVE_LIBM 1
| #define HAVE_PTHREAD_H 1
| #define HAVE_LIBPTHREAD 1
| #define ENABLE_THREADS /**/
| /* end confdefs.h.  */
| #include <stdio.h>
| #ifdef HAVE_SYS_TYPES_H
| # include <sys/types.h>
| #endif
| #ifdef HAVE_SYS_STAT_H
| # include <sys/stat.h>
| #endif
| #ifdef STDC_HEADERS
| # include <stdlib.h>
| # include <stddef.h>
| #else
| # ifdef HAVE_STDLIB_H
| #  include <stdlib.h>
| # endif
| #endif
| #ifdef HAVE_STRING_H
| # if !defined STDC_HEADERS && defined HAVE_MEMORY_H
| #  include <memory.h>
| # endif
| # include <string.h>
| #endif
| #ifdef HAVE_STRINGS_H
| # include <strings.h>
| #endif
| #ifdef HAVE_INTTYPES_H
| # include <inttypes.h>
| #endif
| #ifdef HAVE_STDINT_H
| # include <stdint.h>
| #endif
| #ifdef HAVE_UNISTD_H
| # include <unistd.h>
| #endif
| #include <alsa/asoundlib.h>
configure:14231: result: no
configure:14231: checking alsa/asoundlib.h presence
configure:14231: gcc -E  conftest.c
conftest.c:34:10: fatal error: alsa/asoundlib.h: No such file or directory
   34 | #include <alsa/asoundlib.h>
      |          ^~~~~~~~~~~~~~~~~~
compilation terminated.
configure:14231: $? = 1
configure: failed program was:
| /* confdefs.h */
| #define PACKAGE_NAME "sphinxbase"
| #define PACKAGE_TARNAME "sphinxbase"
| #define PACKAGE_VERSION "5prealpha"
| #define PACKAGE_STRING "sphinxbase 5prealpha"
| #define PACKAGE_BUGREPORT ""
| #define PACKAGE_URL ""
| #define STDC_HEADERS 1
| #define HAVE_SYS_TYPES_H 1
| #define HAVE_SYS_STAT_H 1
| #define HAVE_STDLIB_H 1
| #define HAVE_STRING_H 1
| #define HAVE_MEMORY_H 1
| #define HAVE_STRINGS_H 1
| #define HAVE_INTTYPES_H 1
| #define HAVE_STDINT_H 1
| #define HAVE_UNISTD_H 1
| #define HAVE_DLFCN_H 1
| #define LT_OBJDIR ".libs/"
| #define STDC_HEADERS 1
| #define RETSIGTYPE void
| #define HAVE_LONG_LONG 1
| #define SIZEOF_LONG_LONG 8
| #define SIZEOF_LONG 8
| #define HAVE_POPEN 1
| #define HAVE_PERROR 1
| #define HAVE_SNPRINTF 1
| #define WITH_LAPACK /**/
| #define HAVE_LIBM 1
| #define HAVE_PTHREAD_H 1
| #define HAVE_LIBPTHREAD 1
| #define ENABLE_THREADS /**/
| /* end confdefs.h.  */
| #include <alsa/asoundlib.h>
configure:14231: result: no
configure:14231: checking for alsa/asoundlib.h
configure:14231: result: no
configure:14333: checking for doxygen
configure:14361: result: no
configure:14422: checking for a Python interpreter with version >= 2.6
configure:14439: python -c import sys # split strings by '.' and convert to numeric. Append some zeros # because we need at least 4 digits for the hex conversion. # map returns an iterator in Python 3.0 and a list in 2.x minver = list(map(int, '2.6'.split('.'))) + [0, 0, 0] minverhex = 0 # xrange is not present in Python 3.0 and range returns an iterator for i in list(range(0, 4)): minverhex = (minverhex << 8) + minver[i] sys.exit(sys.hexversion < minverhex)
configure:14442: $? = 0
configure:14448: result: python
configure:14456: checking for python
configure:14474: found /usr/bin/python
configure:14486: result: /usr/bin/python
configure:14504: checking for python version
configure:14511: result: 2.7
configure:14523: checking for python platform
configure:14530: result: linux2
configure:14556: checking for python script directory
configure:14591: result: ${prefix}/lib/python2.7/dist-packages
configure:14600: checking for python extension module directory
configure:14635: result: ${exec_prefix}/lib/python2.7/dist-packages
configure:14656: checking for python2.7
configure:14686: result: /usr/bin/python
configure:14702: checking for a version of Python >= '2.1.0'
configure:14728: result: yes
configure:14759: checking for the distutils Python package
configure:14763: result: yes
configure:14777: checking for Python include path
configure:14793: result: -I/usr/include/python2.7
configure:14800: checking for Python library path
configure:14877: result: -L/usr/lib -lpython2.7
configure:14884: checking for Python site-packages path
configure:14890: result: /usr/lib/python2.7/dist-packages
configure:14897: checking python extra libraries
configure:14904: result: -lpthread -ldl  -lutil -lm
configure:14911: checking python extra linking flags
configure:14918: result: -Xlinker -export-dynamic -Wl,-O1 -Wl,-Bsymbolic-functions
configure:14925: checking consistency of all components of python development environment
configure:14951: gcc -o conftest -g -O2 -Wall  -I/usr/include/python2.7  conftest.c -lpthread -lm  -L/usr/lib -lpython2.7 -Xlinker -export-dynamic -Wl,-O1 -Wl,-Bsymbolic-functions -lpthread -ldl  -lutil -lm >&5
configure:14951: $? = 0
configure:14968: result: yes
configure:14999: checking for swig
configure:15017: found /usr/bin/swig
configure:15029: result: /usr/bin/swig
configure:15043: checking SWIG version
configure:15046: result: 4.0.2
configure:15095: checking for SWIG library
configure:15098: result: /usr/share/swig4.0
configure:15227: checking that generated files are newer than configure
configure:15233: result: done
configure:15285: creating ./config.status

## ---------------------- ##
## Running config.status. ##
## ---------------------- ##

This file was extended by sphinxbase config.status 5prealpha, which was
generated by GNU Autoconf 2.69.  Invocation command line was

  CONFIG_FILES    = 
  CONFIG_HEADERS  = 
  CONFIG_LINKS    = 
  CONFIG_COMMANDS = 
  $ ./config.status 

on harbor

config.status:1169: creating sphinxbase.pc
config.status:1169: creating Makefile
config.status:1169: creating include/Makefile
config.status:1169: creating include/sphinxbase/Makefile
config.status:1169: creating src/Makefile
config.status:1169: creating src/libsphinxad/Makefile
config.status:1169: creating src/libsphinxbase/Makefile
config.status:1169: creating src/libsphinxbase/util/Makefile
config.status:1169: creating src/libsphinxbase/feat/Makefile
config.status:1169: creating src/libsphinxbase/fe/Makefile
config.status:1169: creating src/libsphinxbase/lm/Makefile
config.status:1169: creating src/sphinx_fe/Makefile
config.status:1169: creating src/sphinx_cepview/Makefile
config.status:1169: creating src/sphinx_jsgf2fsg/Makefile
config.status:1169: creating src/sphinx_adtools/Makefile
config.status:1169: creating src/sphinx_lmtools/Makefile
config.status:1169: creating doc/Makefile
config.status:1169: creating doc/doxyfile
config.status:1169: creating test/Makefile
config.status:1169: creating test/unit/testfuncs.sh
config.status:1169: creating test/unit/Makefile
config.status:1169: creating test/unit/test_alloc/Makefile
config.status:1169: creating test/unit/test_bitvec/Makefile
config.status:1169: creating test/unit/test_case/Makefile
config.status:1169: creating test/unit/test_string/Makefile
config.status:1169: creating test/unit/test_cmdln/Makefile
config.status:1169: creating test/unit/test_hash/Makefile
config.status:1169: creating test/unit/test_matrix/Makefile
config.status:1169: creating test/unit/test_feat/Makefile
config.status:1169: creating test/unit/test_fe/Makefile
config.status:1169: creating test/unit/test_logmath/Makefile
config.status:1169: creating test/unit/test_lineiter/Makefile
config.status:1169: creating test/unit/test_ngram/Makefile
config.status:1169: creating test/unit/test_fsg/Makefile
config.status:1169: creating test/unit/test_thread/Makefile
config.status:1169: creating test/unit/test_util/Makefile
config.status:1169: creating test/regression/testfuncs.sh
config.status:1169: creating test/regression/Makefile
config.status:1169: creating swig/Makefile
config.status:1169: creating swig/python/Makefile
config.status:1169: creating include/config.h
config.status:1169: creating include/sphinx_config.h
config.status:1350: include/sphinx_config.h is unchanged
config.status:1398: executing depfiles commands
config.status:1475: cd src/libsphinxad       && sed -e '/# am--include-marker/d' Makefile         | make -f - am--depfiles
config.status:1480: $? = 0
config.status:1475: cd src/libsphinxbase/util       && sed -e '/# am--include-marker/d' Makefile         | make -f - am--depfiles
config.status:1480: $? = 0
config.status:1475: cd src/libsphinxbase/feat       && sed -e '/# am--include-marker/d' Makefile         | make -f - am--depfiles
config.status:1480: $? = 0
config.status:1475: cd src/libsphinxbase/fe       && sed -e '/# am--include-marker/d' Makefile         | make -f - am--depfiles
config.status:1480: $? = 0
config.status:1475: cd src/libsphinxbase/lm       && sed -e '/# am--include-marker/d' Makefile         | make -f - am--depfiles
config.status:1480: $? = 0
config.status:1475: cd src/sphinx_fe       && sed -e '/# am--include-marker/d' Makefile         | make -f - am--depfiles
config.status:1480: $? = 0
config.status:1475: cd src/sphinx_cepview       && sed -e '/# am--include-marker/d' Makefile         | make -f - am--depfiles
config.status:1480: $? = 0
config.status:1475: cd src/sphinx_jsgf2fsg       && sed -e '/# am--include-marker/d' Makefile         | make -f - am--depfiles
config.status:1480: $? = 0
config.status:1475: cd src/sphinx_adtools       && sed -e '/# am--include-marker/d' Makefile         | make -f - am--depfiles
config.status:1480: $? = 0
config.status:1475: cd src/sphinx_lmtools       && sed -e '/# am--include-marker/d' Makefile         | make -f - am--depfiles
config.status:1480: $? = 0
config.status:1475: cd test/unit/test_alloc       && sed -e '/# am--include-marker/d' Makefile         | make -f - am--depfiles
config.status:1480: $? = 0
config.status:1475: cd test/unit/test_bitvec       && sed -e '/# am--include-marker/d' Makefile         | make -f - am--depfiles
config.status:1480: $? = 0
config.status:1475: cd test/unit/test_case       && sed -e '/# am--include-marker/d' Makefile         | make -f - am--depfiles
config.status:1480: $? = 0
config.status:1475: cd test/unit/test_string       && sed -e '/# am--include-marker/d' Makefile         | make -f - am--depfiles
config.status:1480: $? = 0
config.status:1475: cd test/unit/test_cmdln       && sed -e '/# am--include-marker/d' Makefile         | make -f - am--depfiles
config.status:1480: $? = 0
config.status:1475: cd test/unit/test_hash       && sed -e '/# am--include-marker/d' Makefile         | make -f - am--depfiles
config.status:1480: $? = 0
config.status:1475: cd test/unit/test_matrix       && sed -e '/# am--include-marker/d' Makefile         | make -f - am--depfiles
config.status:1480: $? = 0
config.status:1475: cd test/unit/test_feat       && sed -e '/# am--include-marker/d' Makefile         | make -f - am--depfiles
config.status:1480: $? = 0
config.status:1475: cd test/unit/test_fe       && sed -e '/# am--include-marker/d' Makefile         | make -f - am--depfiles
config.status:1480: $? = 0
config.status:1475: cd test/unit/test_logmath       && sed -e '/# am--include-marker/d' Makefile         | make -f - am--depfiles
config.status:1480: $? = 0
config.status:1475: cd test/unit/test_lineiter       && sed -e '/# am--include-marker/d' Makefile         | make -f - am--depfiles
config.status:1480: $? = 0
config.status:1475: cd test/unit/test_ngram       && sed -e '/# am--include-marker/d' Makefile         | make -f - am--depfiles
config.status:1480: $? = 0
config.status:1475: cd test/unit/test_fsg       && sed -e '/# am--include-marker/d' Makefile         | make -f - am--depfiles
config.status:1480: $? = 0
config.status:1475: cd test/unit/test_thread       && sed -e '/# am--include-marker/d' Makefile         | make -f - am--depfiles
config.status:1480: $? = 0
config.status:1475: cd test/unit/test_util       && sed -e '/# am--include-marker/d' Makefile         | make -f - am--depfiles
config.status:1480: $? = 0
config.status:1475: cd swig/python       && sed -e '/# am--include-marker/d' Makefile         | make -f - am--depfiles
config.status:1480: $? = 0
config.status:1398: executing libtool commands

## ---------------- ##
## Cache variables. ##
## ---------------- ##

ac_cv_build=x86_64-unknown-linux-gnu
ac_cv_c_bigendian=no
ac_cv_c_compiler_gnu=yes
ac_cv_env_CC_set=
ac_cv_env_CC_value=
ac_cv_env_CFLAGS_set=
ac_cv_env_CFLAGS_value=
ac_cv_env_CPPFLAGS_set=
ac_cv_env_CPPFLAGS_value=
ac_cv_env_CPP_set=
ac_cv_env_CPP_value=
ac_cv_env_LDFLAGS_set=
ac_cv_env_LDFLAGS_value=
ac_cv_env_LIBS_set=
ac_cv_env_LIBS_value=
ac_cv_env_LT_SYS_LIBRARY_PATH_set=
ac_cv_env_LT_SYS_LIBRARY_PATH_value=
ac_cv_env_PYTHON_VERSION_set=
ac_cv_env_PYTHON_VERSION_value=
ac_cv_env_PYTHON_set=
ac_cv_env_PYTHON_value=
ac_cv_env_YACC_set=
ac_cv_env_YACC_value=
ac_cv_env_build_alias_set=
ac_cv_env_build_alias_value=
ac_cv_env_host_alias_set=
ac_cv_env_host_alias_value=
ac_cv_env_target_alias_set=
ac_cv_env_target_alias_value=
ac_cv_func_perror=yes
ac_cv_func_popen=yes
ac_cv_func_snprintf=yes
ac_cv_header_alsa_asoundlib_h=no
ac_cv_header_dlfcn_h=yes
ac_cv_header_errno_h=yes
ac_cv_header_inttypes_h=yes
ac_cv_header_memory_h=yes
ac_cv_header_pthread_h=yes
ac_cv_header_pulse_pulseaudio_h=no
ac_cv_header_stdc=yes
ac_cv_header_stdint_h=yes
ac_cv_header_stdlib_h=yes
ac_cv_header_string_h=yes
ac_cv_header_strings_h=yes
ac_cv_header_sys_stat_h=yes
ac_cv_header_sys_types_h=yes
ac_cv_header_unistd_h=yes
ac_cv_host=x86_64-unknown-linux-gnu
ac_cv_lib_lapack_sgesv_=no
ac_cv_lib_m_log=yes
ac_cv_lib_pthread_pthread_create=yes
ac_cv_objext=o
ac_cv_path_EGREP='/usr/bin/grep -E'
ac_cv_path_FGREP='/usr/bin/grep -F'
ac_cv_path_GREP=/usr/bin/grep
ac_cv_path_PYTHON=/usr/bin/python
ac_cv_path_SED=/usr/bin/sed
ac_cv_path_SWIG=/usr/bin/swig
ac_cv_path_install='/usr/bin/install -c'
ac_cv_path_lt_DD=/usr/bin/dd
ac_cv_path_mkdir=/usr/bin/mkdir
ac_cv_prog_AWK=mawk
ac_cv_prog_CPP='gcc -E'
ac_cv_prog_HAVE_DOXYGEN=no
ac_cv_prog_YACC='bison -y'
ac_cv_prog_ac_ct_AR=ar
ac_cv_prog_ac_ct_CC=gcc
ac_cv_prog_ac_ct_MANIFEST_TOOL=mt
ac_cv_prog_ac_ct_OBJDUMP=objdump
ac_cv_prog_ac_ct_RANLIB=ranlib
ac_cv_prog_ac_ct_STRIP=strip
ac_cv_prog_cc_c89=
ac_cv_prog_cc_c99=
ac_cv_prog_cc_g=yes
ac_cv_prog_cc_stdc=
ac_cv_prog_make_make_set=yes
ac_cv_search_strerror='none required'
ac_cv_sizeof_long=8
ac_cv_sizeof_long_long=8
ac_cv_type_long_long=yes
ac_cv_type_signal=void
am_cv_CC_dependencies_compiler_type=gcc3
am_cv_make_support_nested_variables=yes
am_cv_pathless_PYTHON=python
am_cv_prog_cc_c_o=yes
am_cv_python_platform=linux2
am_cv_python_pyexecdir='${exec_prefix}/lib/python2.7/dist-packages'
am_cv_python_pythondir='${prefix}/lib/python2.7/dist-packages'
am_cv_python_version=2.7
lt_cv_ar_at_file=@
lt_cv_archive_cmds_need_lc=no
lt_cv_deplibs_check_method=pass_all
lt_cv_file_magic_cmd='$MAGIC_CMD'
lt_cv_file_magic_test_file=
lt_cv_ld_reload_flag=-r
lt_cv_nm_interface='BSD nm'
lt_cv_objdir=.libs
lt_cv_path_LD=/usr/bin/ld
lt_cv_path_NM='/usr/bin/nm -B'
lt_cv_path_mainfest_tool=no
lt_cv_prog_compiler_c_o=yes
lt_cv_prog_compiler_pic='-fPIC -DPIC'
lt_cv_prog_compiler_pic_works=yes
lt_cv_prog_compiler_rtti_exceptions=no
lt_cv_prog_compiler_static_works=yes
lt_cv_prog_gnu_ld=yes
lt_cv_sharedlib_from_linklib_cmd='printf %s\n'
lt_cv_shlibpath_overrides_runpath=yes
lt_cv_sys_global_symbol_pipe='sed -n -e '\''s/^.*[	 ]\([ABCDGIRSTW][ABCDGIRSTW]*\)[	 ][	 ]*\([_A-Za-z][_A-Za-z0-9]*\)$/\1 \2 \2/p'\'' | sed '\''/ __gnu_lto/d'\'''
lt_cv_sys_global_symbol_to_c_name_address='sed -n -e '\''s/^: \(.*\) .*$/  {"\1", (void *) 0},/p'\'' -e '\''s/^[ABCDGIRSTW][ABCDGIRSTW]* .* \(.*\)$/  {"\1", (void *) \&\1},/p'\'''
lt_cv_sys_global_symbol_to_c_name_address_lib_prefix='sed -n -e '\''s/^: \(.*\) .*$/  {"\1", (void *) 0},/p'\'' -e '\''s/^[ABCDGIRSTW][ABCDGIRSTW]* .* \(lib.*\)$/  {"\1", (void *) \&\1},/p'\'' -e '\''s/^[ABCDGIRSTW][ABCDGIRSTW]* .* \(.*\)$/  {"lib\1", (void *) \&\1},/p'\'''
lt_cv_sys_global_symbol_to_cdecl='sed -n -e '\''s/^T .* \(.*\)$/extern int \1();/p'\'' -e '\''s/^[ABCDGIRSTW][ABCDGIRSTW]* .* \(.*\)$/extern char \1;/p'\'''
lt_cv_sys_global_symbol_to_import=
lt_cv_sys_max_cmd_len=1572864
lt_cv_to_host_file_cmd=func_convert_file_noop
lt_cv_to_tool_file_cmd=func_convert_file_noop
lt_cv_truncate_bin='/usr/bin/dd bs=4096 count=1'

## ----------------- ##
## Output variables. ##
## ----------------- ##

ACLOCAL='${SHELL} '\''/home/harbor/software/sphinxbase/missing'\'' aclocal-1.16'
AMDEPBACKSLASH='\'
AMDEP_FALSE='#'
AMDEP_TRUE=''
AMTAR='$${TAR-tar}'
AM_BACKSLASH='\'
AM_DEFAULT_V='$(AM_DEFAULT_VERBOSITY)'
AM_DEFAULT_VERBOSITY='1'
AM_V='$(V)'
AR='ar'
AUTOCONF='${SHELL} '\''/home/harbor/software/sphinxbase/missing'\'' autoconf'
AUTOHEADER='${SHELL} '\''/home/harbor/software/sphinxbase/missing'\'' autoheader'
AUTOMAKE='${SHELL} '\''/home/harbor/software/sphinxbase/missing'\'' automake-1.16'
AWK='mawk'
BUILD_DOXYGEN_FALSE=''
BUILD_DOXYGEN_TRUE='#'
BUILD_SWIG_FALSE='#'
BUILD_SWIG_TRUE=''
CC='gcc'
CCDEPMODE='depmode=gcc3'
CFLAGS='-g -O2 -Wall'
CPP='gcc -E'
CPPFLAGS=''
CYGPATH_W='echo'
DEFS='-DHAVE_CONFIG_H'
DEPDIR='.deps'
DLLTOOL='false'
DSYMUTIL=''
DUMPBIN=''
ECHO_C=''
ECHO_N='-n'
ECHO_T=''
EGREP='/usr/bin/grep -E'
EXEEXT=''
FGREP='/usr/bin/grep -F'
FIXED_POINT_FALSE=''
FIXED_POINT_TRUE='#'
GREP='/usr/bin/grep'
HAVE_DOXYGEN='no'
INSTALL_DATA='${INSTALL} -m 644'
INSTALL_PROGRAM='${INSTALL}'
INSTALL_SCRIPT='${INSTALL}'
INSTALL_STRIP_PROGRAM='$(install_sh) -c -s'
LAPACK_LITE_FALSE='#'
LAPACK_LITE_TRUE=''
LD='/usr/bin/ld -m elf_x86_64'
LDFLAGS=''
LIBOBJS=''
LIBS='-lpthread -lm '
LIBTOOL='$(SHELL) $(top_builddir)/libtool'
LIPO=''
LN_S='ln -s'
LTLIBOBJS=''
LT_SYS_LIBRARY_PATH=''
MAKEINFO='${SHELL} '\''/home/harbor/software/sphinxbase/missing'\'' makeinfo'
MANIFEST_TOOL=':'
MKDIR_P='/usr/bin/mkdir -p'
NM='/usr/bin/nm -B'
NMEDIT=''
OBJDUMP='objdump'
OBJEXT='o'
OTOOL64=''
OTOOL=''
PACKAGE='sphinxbase'
PACKAGE_BUGREPORT=''
PACKAGE_NAME='sphinxbase'
PACKAGE_STRING='sphinxbase 5prealpha'
PACKAGE_TARNAME='sphinxbase'
PACKAGE_URL=''
PACKAGE_VERSION='5prealpha'
PATH_SEPARATOR=':'
PYTHON='/usr/bin/python'
PYTHON_CPPFLAGS='-I/usr/include/python2.7'
PYTHON_EXEC_PREFIX='${exec_prefix}'
PYTHON_EXTRA_LDFLAGS='-Xlinker -export-dynamic -Wl,-O1 -Wl,-Bsymbolic-functions'
PYTHON_EXTRA_LIBS='-lpthread -ldl  -lutil -lm'
PYTHON_LDFLAGS='-L/usr/lib -lpython2.7'
PYTHON_PLATFORM='linux2'
PYTHON_PREFIX='${prefix}'
PYTHON_SITE_PKG='/usr/lib/python2.7/dist-packages'
PYTHON_VERSION='2.7'
RANLIB='ranlib'
SED='/usr/bin/sed'
SET_MAKE=''
SHELL='/bin/bash'
STRIP='strip'
SWIG='/usr/bin/swig'
SWIG_LIB='/usr/share/swig4.0'
USE_LAPACK_FALSE='#'
USE_LAPACK_TRUE=''
USE_THREADS_FALSE='#'
USE_THREADS_TRUE=''
VERSION='5prealpha'
YACC='bison -y'
ac_ct_AR='ar'
ac_ct_CC='gcc'
ac_ct_DUMPBIN=''
ad_cppflags=''
ad_files='ad_oss.lo'
ad_libs=''
am__EXEEXT_FALSE=''
am__EXEEXT_TRUE='#'
am__fastdepCC_FALSE='#'
am__fastdepCC_TRUE=''
am__include='include'
am__isrc=''
am__leading_dot='.'
am__nodep='_no'
am__quote=''
am__tar='$${TAR-tar} chof - "$$tardir"'
am__untar='$${TAR-tar} xf -'
bindir='${exec_prefix}/bin'
build='x86_64-unknown-linux-gnu'
build_alias=''
build_cpu='x86_64'
build_os='linux-gnu'
build_vendor='unknown'
datadir='${datarootdir}'
datarootdir='${prefix}/share'
docdir='${datarootdir}/doc/${PACKAGE_TARNAME}'
dvidir='${docdir}'
exec_prefix='${prefix}'
host='x86_64-unknown-linux-gnu'
host_alias=''
host_cpu='x86_64'
host_os='linux-gnu'
host_vendor='unknown'
htmldir='${docdir}'
includedir='${prefix}/include'
infodir='${datarootdir}/info'
install_sh='${SHELL} /home/harbor/software/sphinxbase/install-sh'
libdir='${exec_prefix}/lib'
libexecdir='${exec_prefix}/libexec'
localedir='${datarootdir}/locale'
localstatedir='${prefix}/var'
mandir='${datarootdir}/man'
mkdir_p='$(MKDIR_P)'
oldincludedir='/usr/include'
pdfdir='${docdir}'
pkgpyexecdir='${pyexecdir}/sphinxbase'
pkgpythondir='${pythondir}/sphinxbase'
prefix='/usr/local'
program_transform_name='s,x,x,'
psdir='${docdir}'
pyexecdir='${exec_prefix}/lib/python2.7/dist-packages'
pythondir='${prefix}/lib/python2.7/dist-packages'
runstatedir='${localstatedir}/run'
sbindir='${exec_prefix}/sbin'
sharedstatedir='${prefix}/com'
sysconfdir='${prefix}/etc'
target_alias=''

## ----------- ##
## confdefs.h. ##
## ----------- ##

/* confdefs.h */
#define PACKAGE_NAME "sphinxbase"
#define PACKAGE_TARNAME "sphinxbase"
#define PACKAGE_VERSION "5prealpha"
#define PACKAGE_STRING "sphinxbase 5prealpha"
#define PACKAGE_BUGREPORT ""
#define PACKAGE_URL ""
#define STDC_HEADERS 1
#define HAVE_SYS_TYPES_H 1
#define HAVE_SYS_STAT_H 1
#define HAVE_STDLIB_H 1
#define HAVE_STRING_H 1
#define HAVE_MEMORY_H 1
#define HAVE_STRINGS_H 1
#define HAVE_INTTYPES_H 1
#define HAVE_STDINT_H 1
#define HAVE_UNISTD_H 1
#define HAVE_DLFCN_H 1
#define LT_OBJDIR ".libs/"
#define STDC_HEADERS 1
#define RETSIGTYPE void
#define HAVE_LONG_LONG 1
#define SIZEOF_LONG_LONG 8
#define SIZEOF_LONG 8
#define HAVE_POPEN 1
#define HAVE_PERROR 1
#define HAVE_SNPRINTF 1
#define WITH_LAPACK /**/
#define HAVE_LIBM 1
#define HAVE_PTHREAD_H 1
#define HAVE_LIBPTHREAD 1
#define ENABLE_THREADS /**/
#define HAVE_PYTHON "2.7"

configure: exit 0

## ---------------------- ##
## Running config.status. ##
## ---------------------- ##

This file was extended by sphinxbase config.status 5prealpha, which was
generated by GNU Autoconf 2.69.  Invocation command line was

  CONFIG_FILES    = 
  CONFIG_HEADERS  = 
  CONFIG_LINKS    = 
  CONFIG_COMMANDS = 
  $ ./config.status include/config.h

on harbor

config.status:1169: creating include/config.h
config.status:1350: include/config.h is unchanged
